{"logTime": "0123/154736", "correlationVector":"BYcpwB9bNpC9RzllsxU02D.186","action":"GetUpdates Response", "result":"Success", "context":Received 250 update(s). cV=BYcpwB9bNpC9RzllsxU02D.0;server=akswtt003000005;cloudType=Consumer;environment=Prod_eastus2_prod-s01-050-nam-eastus2;migrationStage=NotStarted Some updates remain.}
{"logTime": "0123/154736", "correlationVector":"gYch8w7PLaPdOwVM8W82De","action":"Initial GetUpdates", "result":"", "context":Reason: NEWLY_SUPPORTED_DATATYPE. cV=gYch8w7PLaPdOwVM8W82De}
{"logTime": "0123/154737", "correlationVector":"gYch8w7PLaPdOwVM8W82De.1","action":"SyncServerConnectionManagerRequest", "result":"SYNC_SERVER_OK", "context":{"environment":"Prod_eastus2_prod-s01-050-nam-eastus2", "migrationStage":"NotStarted", "server":"akswtt003000055"}}
{"logTime": "0123/154737", "correlationVector":"gYch8w7PLaPdOwVM8W82De.2","action":"GetUpdates", "result":"DeleteReceived", "context":{"id":"e6d442df-8c05-4521-aeae-69023b1f1060", "isDeleted:":"true", "version":"1737598910096"}}
{"logTime": "0123/154737", "correlationVector":"gYch8w7PLaPdOwVM8W82De.3","action":"GetUpdates", "result":"DeleteReceived", "context":{"id":"4d260402-63e4-4c72-9ba1-fa60985ad722", "isDeleted:":"true", "version":"1737598972735"}}
{"logTime": "0123/154737", "correlationVector":"gYch8w7PLaPdOwVM8W82De.4","action":"GetUpdates", "result":"DeleteReceived", "context":{"id":"b415f6ce-92e2-4cce-99d8-5748c6220037", "isDeleted:":"true", "version":"1737598972737"}}
{"logTime": "0123/154737", "correlationVector":"gYch8w7PLaPdOwVM8W82De.5","action":"GetUpdates", "result":"DeleteReceived", "context":{"id":"3ee51eef-d04c-43b0-b649-c97d5ca00800", "isDeleted:":"true", "version":"1737601006780"}}
{"logTime": "0123/154737", "correlationVector":"gYch8w7PLaPdOwVM8W82De.6","action":"GetUpdates", "result":"DeleteReceived", "context":{"id":"3d56369e-ebb3-442c-b37a-5f31439032ec", "isDeleted:":"true", "version":"1737601006781"}}
{"logTime": "0123/154737", "correlationVector":"gYch8w7PLaPdOwVM8W82De.7","action":"GetUpdates", "result":"DeleteReceived", "context":{"id":"8cdc0c10-2df1-4a28-8d75-4f2b7804a5ba", "isDeleted:":"true", "version":"1737601006784"}}
{"logTime": "0123/154737", "correlationVector":"gYch8w7PLaPdOwVM8W82De.8","action":"GetUpdates", "result":"DeleteReceived", "context":{"id":"11d3bfba-4fe7-4b14-aefd-2a6f377f75bd", "isDeleted:":"true", "version":"1737601718756"}}
{"logTime": "0123/154737", "correlationVector":"gYch8w7PLaPdOwVM8W82De.9","action":"GetUpdates", "result":"DeleteReceived", "context":{"id":"19709188-d0ad-4655-94aa-b31a85b4d582", "isDeleted:":"true", "version":"1737601851499"}}
{"logTime": "0123/154737", "correlationVector":"gYch8w7PLaPdOwVM8W82De.10","action":"GetUpdates", "result":"DeleteReceived", "context":{"id":"e027588a-4f8a-428b-abba-8044a27a8b1b", "isDeleted:":"true", "version":"1737603745284"}}
{"logTime": "0123/154737", "correlationVector":"gYch8w7PLaPdOwVM8W82De.11","action":"GetUpdates", "result":"DeleteReceived", "context":{"id":"24e4d3fb-44b4-4b93-a7de-1386e6a98287", "isDeleted:":"true", "version":"1737603924095"}}
{"logTime": "0123/154737", "correlationVector":"gYch8w7PLaPdOwVM8W82De.12","action":"GetUpdates", "result":"DeleteReceived", "context":{"id":"7ebc640f-6cc4-4f0d-ad2a-408d96b84c05", "isDeleted:":"true", "version":"1737604334328"}}
{"logTime": "0123/154737", "correlationVector":"gYch8w7PLaPdOwVM8W82De.13","action":"GetUpdates", "result":"DeleteReceived", "context":{"id":"67ad10a6-71b4-4daf-ae8e-a90b01ebf480", "isDeleted:":"true", "version":"1737604344162"}}
{"logTime": "0123/154737", "correlationVector":"gYch8w7PLaPdOwVM8W82De.14","action":"GetUpdates", "result":"DeleteReceived", "context":{"id":"ea0547de-28ff-4d69-9326-d173023d17d3", "isDeleted:":"true", "version":"1737604344163"}}
{"logTime": "0123/154737", "correlationVector":"gYch8w7PLaPdOwVM8W82De.15","action":"GetUpdates", "result":"DeleteReceived", "context":{"id":"7205f0cc-883b-4e0d-86e5-301744a2f39d", "isDeleted:":"true", "version":"1737604407963"}}
{"logTime": "0123/154737", "correlationVector":"gYch8w7PLaPdOwVM8W82De.16","action":"GetUpdates", "result":"DeleteReceived", "context":{"id":"a862aa7c-07f0-42a2-9249-4cd34a99ace1", "isDeleted:":"true", "version":"1737605244727"}}
{"logTime": "0123/154737", "correlationVector":"gYch8w7PLaPdOwVM8W82De.17","action":"GetUpdates", "result":"DeleteReceived", "context":{"id":"6b46285c-6e7b-4990-82c4-61933d84120a", "isDeleted:":"true", "version":"1737606372185"}}
{"logTime": "0123/154737", "correlationVector":"gYch8w7PLaPdOwVM8W82De.18","action":"GetUpdates", "result":"DeleteReceived", "context":{"id":"e8831714-4eda-4d3a-8764-e497c9b761cd", "isDeleted:":"true", "version":"1737606919142"}}
{"logTime": "0123/154737", "correlationVector":"gYch8w7PLaPdOwVM8W82De.19","action":"GetUpdates", "result":"DeleteReceived", "context":{"id":"d1452c07-2655-4e21-9666-1979ef3b3d3b", "isDeleted:":"true", "version":"1737606919144"}}
{"logTime": "0123/154737", "correlationVector":"gYch8w7PLaPdOwVM8W82De.20","action":"GetUpdates", "result":"DeleteReceived", "context":{"id":"c7a3eee7-cfef-49f5-82f8-d9c830acc878", "isDeleted:":"true", "version":"1737606919148"}}
{"logTime": "0123/154737", "correlationVector":"gYch8w7PLaPdOwVM8W82De.21","action":"GetUpdates", "result":"DeleteReceived", "context":{"id":"10c8744f-f562-4762-8e54-d2e4a33ec783", "isDeleted:":"true", "version":"1737606919149"}}
{"logTime": "0123/154737", "correlationVector":"gYch8w7PLaPdOwVM8W82De.22","action":"GetUpdates", "result":"DeleteReceived", "context":{"id":"8555b9f0-d189-44a0-9402-749c67711ee5", "isDeleted:":"true", "version":"1737634367549"}}
{"logTime": "0123/154737", "correlationVector":"gYch8w7PLaPdOwVM8W82De.23","action":"GetUpdates", "result":"DeleteReceived", "context":{"id":"33600710-73f3-488e-8e89-543ac2de757e", "isDeleted:":"true", "version":"1737634367550"}}
{"logTime": "0123/154737", "correlationVector":"gYch8w7PLaPdOwVM8W82De.24","action":"GetUpdates", "result":"DeleteReceived", "context":{"id":"d391c27c-94d5-4a9e-a830-ef2d3b374d9a", "isDeleted:":"true", "version":"1737634367551"}}
{"logTime": "0123/154737", "correlationVector":"gYch8w7PLaPdOwVM8W82De.25","action":"GetUpdates", "result":"DeleteReceived", "context":{"id":"cbaed5b4-99ee-4ab0-908c-c77956cb2d96", "isDeleted:":"true", "version":"1737634367552"}}
{"logTime": "0123/154737", "correlationVector":"gYch8w7PLaPdOwVM8W82De.26","action":"GetUpdates", "result":"DeleteReceived", "context":{"id":"85a4c09a-ec26-4232-866d-8a1745e9a969", "isDeleted:":"true", "version":"1737634367553"}}
{"logTime": "0123/154737", "correlationVector":"gYch8w7PLaPdOwVM8W82De.27","action":"GetUpdates", "result":"DeleteReceived", "context":{"id":"96b04e7d-c7fc-42d8-8b9b-ca7c2db18b27", "isDeleted:":"true", "version":"1737634367554"}}
{"logTime": "0123/154737", "correlationVector":"gYch8w7PLaPdOwVM8W82De.28","action":"GetUpdates", "result":"DeleteReceived", "context":{"id":"2d19ce38-eb90-45af-b565-751515d02e44", "isDeleted:":"true", "version":"1737634367556"}}
{"logTime": "0123/154737", "correlationVector":"gYch8w7PLaPdOwVM8W82De.29","action":"GetUpdates", "result":"DeleteReceived", "context":{"id":"77d9db3b-295a-43c1-b06b-0a10f1bd1a0e", "isDeleted:":"true", "version":"1737635094718"}}
{"logTime": "0123/154737", "correlationVector":"gYch8w7PLaPdOwVM8W82De.30","action":"GetUpdates", "result":"DeleteReceived", "context":{"id":"01947437-8fe9-4aef-912d-92694d56b57b", "isDeleted:":"true", "version":"1737635094719"}}
{"logTime": "0123/154737", "correlationVector":"gYch8w7PLaPdOwVM8W82De.31","action":"GetUpdates", "result":"DeleteReceived", "context":{"id":"0ea16690-c670-48d1-8e57-b0647d1e22f4", "isDeleted:":"true", "version":"1737635094721"}}
{"logTime": "0123/154737", "correlationVector":"gYch8w7PLaPdOwVM8W82De.32","action":"GetUpdates", "result":"DeleteReceived", "context":{"id":"fd3ad693-6514-488a-b983-6c6e2caeaf12", "isDeleted:":"true", "version":"1737635094723"}}
{"logTime": "0123/154737", "correlationVector":"gYch8w7PLaPdOwVM8W82De.33","action":"GetUpdates", "result":"DeleteReceived", "context":{"id":"95a315d2-45d6-4c3c-acaf-2ab9d3ff7dbb", "isDeleted:":"true", "version":"1737635231825"}}
{"logTime": "0123/154737", "correlationVector":"gYch8w7PLaPdOwVM8W82De.34","action":"GetUpdates", "result":"DeleteReceived", "context":{"id":"78fad32f-55a1-4539-ae06-dbf5194e6bbb", "isDeleted:":"true", "version":"1737635231826"}}
{"logTime": "0123/154737", "correlationVector":"gYch8w7PLaPdOwVM8W82De.35","action":"GetUpdates", "result":"DeleteReceived", "context":{"id":"591fddb8-8ee4-4092-a6d8-a5a84baac091", "isDeleted:":"true", "version":"1737636182089"}}
{"logTime": "0123/154737", "correlationVector":"gYch8w7PLaPdOwVM8W82De.36","action":"GetUpdates", "result":"DeleteReceived", "context":{"id":"34a3f7d5-d92a-4ef2-9634-7fc376d99595", "isDeleted:":"true", "version":"1737636512099"}}
{"logTime": "0123/154737", "correlationVector":"gYch8w7PLaPdOwVM8W82De.37","action":"GetUpdates", "result":"DeleteReceived", "context":{"id":"f775c887-3a98-423d-8021-ca45bfa95ed5", "isDeleted:":"true", "version":"1737636512101"}}
{"logTime": "0123/154737", "correlationVector":"gYch8w7PLaPdOwVM8W82De.38","action":"GetUpdates", "result":"DeleteReceived", "context":{"id":"e192382b-5a79-4aa9-b740-05263cabe7e6", "isDeleted:":"true", "version":"1737639065915"}}
{"logTime": "0123/154737", "correlationVector":"gYch8w7PLaPdOwVM8W82De.39","action":"GetUpdates", "result":"DeleteReceived", "context":{"id":"c7303197-eb71-41c8-9763-60a7fec4e913", "isDeleted:":"true", "version":"1737639065916"}}
{"logTime": "0123/154737", "correlationVector":"gYch8w7PLaPdOwVM8W82De.40","action":"GetUpdates", "result":"DeleteReceived", "context":{"id":"9c473d9f-ab17-4a5a-b625-ff1fef7a8c81", "isDeleted:":"true", "version":"1737639065917"}}
{"logTime": "0123/154737", "correlationVector":"gYch8w7PLaPdOwVM8W82De.41","action":"GetUpdates", "result":"DeleteReceived", "context":{"id":"22ef6884-178d-4ca5-a447-e26497ffbb8d", "isDeleted:":"true", "version":"1737639065919"}}
{"logTime": "0123/154737", "correlationVector":"gYch8w7PLaPdOwVM8W82De.42","action":"GetUpdates", "result":"DeleteReceived", "context":{"id":"76e6688c-311c-4c63-95c0-2e2bf9725b20", "isDeleted:":"true", "version":"1737639065920"}}
{"logTime": "0123/154737", "correlationVector":"gYch8w7PLaPdOwVM8W82De.43","action":"GetUpdates", "result":"DeleteReceived", "context":{"id":"989244e4-3bf5-4b6a-9ecd-3fa77a0d10dd", "isDeleted:":"true", "version":"1737639065921"}}
{"logTime": "0123/154737", "correlationVector":"gYch8w7PLaPdOwVM8W82De.44","action":"GetUpdates", "result":"DeleteReceived", "context":{"id":"dea55236-95d1-4bdd-a7a8-8f273170e393", "isDeleted:":"true", "version":"1737639065922"}}
{"logTime": "0123/154737", "correlationVector":"gYch8w7PLaPdOwVM8W82De.45","action":"GetUpdates", "result":"DeleteReceived", "context":{"id":"db3bb99d-ecc7-4800-8329-187fb3d49ba0", "isDeleted:":"true", "version":"1737639433393"}}
{"logTime": "0123/154737", "correlationVector":"gYch8w7PLaPdOwVM8W82De.46","action":"GetUpdates", "result":"DeleteReceived", "context":{"id":"60d19778-b36f-46cc-9aa4-8c3ae21dcddd", "isDeleted:":"true", "version":"1737639433394"}}
{"logTime": "0123/154737", "correlationVector":"gYch8w7PLaPdOwVM8W82De.47","action":"GetUpdates", "result":"DeleteReceived", "context":{"id":"75cd65bc-a8e9-4e0f-8bee-d743ff0e9ce4", "isDeleted:":"true", "version":"1737641033571"}}
{"logTime": "0123/154737", "correlationVector":"gYch8w7PLaPdOwVM8W82De.48","action":"GetUpdates", "result":"DeleteReceived", "context":{"id":"ad875c95-b816-473b-ab2c-82a36c447429", "isDeleted:":"true", "version":"1737641033573"}}
{"logTime": "0123/154737", "correlationVector":"gYch8w7PLaPdOwVM8W82De.49","action":"GetUpdates", "result":"DeleteReceived", "context":{"id":"bc17f37b-5863-48ba-9925-0ffd6e04d80c", "isDeleted:":"true", "version":"1737641237761"}}
{"logTime": "0123/154737", "correlationVector":"gYch8w7PLaPdOwVM8W82De.50","action":"GetUpdates", "result":"DeleteReceived", "context":{"id":"0d9fa353-70ca-41e6-aef4-58071e17a8ce", "isDeleted:":"true", "version":"1737641581208"}}
{"logTime": "0123/154737", "correlationVector":"gYch8w7PLaPdOwVM8W82De.51","action":"GetUpdates", "result":"DeleteReceived", "context":{"id":"01f13fbc-4f12-4aad-b1ab-cb078bb7e9ce", "isDeleted:":"true", "version":"1737642292709"}}
{"logTime": "0123/154737", "correlationVector":"gYch8w7PLaPdOwVM8W82De.52","action":"GetUpdates", "result":"DeleteReceived", "context":{"id":"e7fba837-abc4-4840-97d7-31a082f1a8cd", "isDeleted:":"true", "version":"1737642292711"}}
{"logTime": "0123/154737", "correlationVector":"gYch8w7PLaPdOwVM8W82De.53","action":"GetUpdates", "result":"DeleteReceived", "context":{"id":"168586fb-2f9b-4040-864d-034dbc77fde4", "isDeleted:":"true", "version":"1737642443334"}}
{"logTime": "0123/154737", "correlationVector":"gYch8w7PLaPdOwVM8W82De.54","action":"GetUpdates", "result":"DeleteReceived", "context":{"id":"134f5cca-02e9-4ba3-b01f-13bfd33c84d9", "isDeleted:":"true", "version":"1737642728833"}}
{"logTime": "0123/154737", "correlationVector":"gYch8w7PLaPdOwVM8W82De.55","action":"GetUpdates", "result":"DeleteReceived", "context":{"id":"4ffd3723-72d0-4f7c-bd3f-1098b3ca3a6e", "isDeleted:":"true", "version":"1737642728834"}}
{"logTime": "0123/154737", "correlationVector":"gYch8w7PLaPdOwVM8W82De.56","action":"GetUpdates", "result":"DeleteReceived", "context":{"id":"e3ab36d0-cb4f-448a-89e0-f40cb1f84f95", "isDeleted:":"true", "version":"1737646081773"}}
{"logTime": "0123/154737", "correlationVector":"gYch8w7PLaPdOwVM8W82De.57","action":"GetUpdates", "result":"DeleteReceived", "context":{"id":"b6e3f16b-c7df-492c-a980-51e76953fcec", "isDeleted:":"true", "version":"1737646506207"}}
{"logTime": "0123/154737", "correlationVector":"gYch8w7PLaPdOwVM8W82De.58","action":"GetUpdates", "result":"DeleteReceived", "context":{"id":"6ce3725e-1811-4858-82d3-e840d7af70a1", "isDeleted:":"true", "version":"1737646507140"}}
{"logTime": "0123/154737", "correlationVector":"gYch8w7PLaPdOwVM8W82De.59","action":"GetUpdates", "result":"DeleteReceived", "context":{"id":"08b50724-b319-4b64-8bfd-472c516480c1", "isDeleted:":"true", "version":"1737646507144"}}
{"logTime": "0123/154737", "correlationVector":"gYch8w7PLaPdOwVM8W82De.60","action":"GetUpdates", "result":"DeleteReceived", "context":{"id":"12785a48-e1ae-44dc-bdd0-0bd080413af3", "isDeleted:":"true", "version":"1737646747090"}}
{"logTime": "0123/154737", "correlationVector":"gYch8w7PLaPdOwVM8W82De.61","action":"GetUpdates", "result":"DeleteReceived", "context":{"id":"df0c0ae6-cebe-4e8d-bb31-0fb21aebe281", "isDeleted:":"true", "version":"1737646747091"}}
{"logTime": "0123/154737", "correlationVector":"gYch8w7PLaPdOwVM8W82De.62","action":"GetUpdates", "result":"DeleteReceived", "context":{"id":"211db452-2302-43c3-823b-dd8f412fee1b", "isDeleted:":"true", "version":"1737646996695"}}
{"logTime": "0123/154737", "correlationVector":"gYch8w7PLaPdOwVM8W82De.63","action":"GetUpdates", "result":"DeleteReceived", "context":{"id":"96136b79-87bb-4c5e-a41d-33d1af1f95fa", "isDeleted:":"true", "version":"1737647246498"}}
{"logTime": "0123/154737", "correlationVector":"gYch8w7PLaPdOwVM8W82De.64","action":"GetUpdates Response", "result":"Success", "context":Received 185 update(s). cV=gYch8w7PLaPdOwVM8W82De.0;server=akswtt003000055;cloudType=Consumer;environment=Prod_eastus2_prod-s01-050-nam-eastus2;migrationStage=NotStarted}
{"logTime": "0123/154737", "correlationVector":"N+topWQjdho9Rkgwu7KtGv","action":"Initial GetUpdates", "result":"", "context":Reason: NEWLY_SUPPORTED_DATATYPE. cV=N+topWQjdho9Rkgwu7KtGv}
{"logTime": "0123/154737", "correlationVector":"N+topWQjdho9Rkgwu7KtGv.1","action":"SyncServerConnectionManagerRequest", "result":"SYNC_SERVER_OK", "context":{"environment":"Prod_eastus2_prod-s01-050-nam-eastus2", "migrationStage":"NotStarted", "server":"akswtt00300001o"}}
{"logTime": "0123/154737", "correlationVector":"N+topWQjdho9Rkgwu7KtGv.2","action":"GetUpdates Response", "result":"Success", "context":Received 250 update(s). cV=N+topWQjdho9Rkgwu7KtGv.0;server=akswtt00300001o;cloudType=Consumer;environment=Prod_eastus2_prod-s01-050-nam-eastus2;migrationStage=NotStarted Some updates remain.}
{"logTime": "0123/154737", "correlationVector":"kb2RQMn5kBXKQKT35VL8/K","action":"Initial GetUpdates", "result":"", "context":Reason: NEWLY_SUPPORTED_DATATYPE. cV=kb2RQMn5kBXKQKT35VL8/K}
{"logTime": "0123/154738", "correlationVector":"kb2RQMn5kBXKQKT35VL8/K.1","action":"SyncServerConnectionManagerRequest", "result":"SYNC_SERVER_OK", "context":{"environment":"Prod_eastus2_prod-s01-050-nam-eastus2", "migrationStage":"NotStarted", "server":"akswtt0030000a1"}}
{"logTime": "0123/154738", "correlationVector":"kb2RQMn5kBXKQKT35VL8/K.2","action":"GetUpdates Response", "result":"Success", "context":Received 250 update(s). cV=kb2RQMn5kBXKQKT35VL8/K.0;server=akswtt0030000a1;cloudType=Consumer;environment=Prod_eastus2_prod-s01-050-nam-eastus2;migrationStage=NotStarted Some updates remain.}
{"logTime": "0123/154738", "correlationVector":"AseUGLFJb+v0f4CLu9owOQ","action":"Initial GetUpdates", "result":"", "context":Reason: NEWLY_SUPPORTED_DATATYPE. cV=AseUGLFJb+v0f4CLu9owOQ}
{"logTime": "0123/154739", "correlationVector":"AseUGLFJb+v0f4CLu9owOQ.1","action":"SyncServerConnectionManagerRequest", "result":"SYNC_SERVER_OK", "context":{"environment":"Prod_eastus2_prod-s01-050-nam-eastus2", "migrationStage":"NotStarted", "server":"akswtt003000055"}}
{"logTime": "0123/154739", "correlationVector":"AseUGLFJb+v0f4CLu9owOQ.2","action":"GetUpdates Response", "result":"Success", "context":Received 250 update(s). cV=AseUGLFJb+v0f4CLu9owOQ.0;server=akswtt003000055;cloudType=Consumer;environment=Prod_eastus2_prod-s01-050-nam-eastus2;migrationStage=NotStarted Some updates remain.}
{"logTime": "0123/154739", "correlationVector":"Y707hMegP+cB0Pxad3BnGi","action":"Initial GetUpdates", "result":"", "context":Reason: NEWLY_SUPPORTED_DATATYPE. cV=Y707hMegP+cB0Pxad3BnGi}
{"logTime": "0123/154739", "correlationVector":"Y707hMegP+cB0Pxad3BnGi.1","action":"SyncServerConnectionManagerRequest", "result":"SYNC_SERVER_OK", "context":{"environment":"Prod_eastus2_prod-s01-050-nam-eastus2", "migrationStage":"NotStarted", "server":"akswtt003000069"}}
{"logTime": "0123/154739", "correlationVector":"Y707hMegP+cB0Pxad3BnGi.2","action":"GetUpdates Response", "result":"Success", "context":Received 250 update(s). cV=Y707hMegP+cB0Pxad3BnGi.0;server=akswtt003000069;cloudType=Consumer;environment=Prod_eastus2_prod-s01-050-nam-eastus2;migrationStage=NotStarted Some updates remain.}
{"logTime": "0123/154739", "correlationVector":"mfK7YUM7teZpIBgXbAc+Nj","action":"Initial GetUpdates", "result":"", "context":Reason: NEWLY_SUPPORTED_DATATYPE. cV=mfK7YUM7teZpIBgXbAc+Nj}
{"logTime": "0123/154740", "correlationVector":"mfK7YUM7teZpIBgXbAc+Nj.1","action":"SyncServerConnectionManagerRequest", "result":"SYNC_SERVER_OK", "context":{"environment":"Prod_eastus2_prod-s01-050-nam-eastus2", "migrationStage":"NotStarted", "server":"akswtt00300000j"}}
{"logTime": "0123/154740", "correlationVector":"mfK7YUM7teZpIBgXbAc+Nj.2","action":"GetUpdates Response", "result":"Success", "context":Received 250 update(s). cV=mfK7YUM7teZpIBgXbAc+Nj.0;server=akswtt00300000j;cloudType=Consumer;environment=Prod_eastus2_prod-s01-050-nam-eastus2;migrationStage=NotStarted Some updates remain.}
{"logTime": "0123/154740", "correlationVector":"qAGzjF+jb9ZttaTm4onQ68","action":"Initial GetUpdates", "result":"", "context":Reason: NEWLY_SUPPORTED_DATATYPE. cV=qAGzjF+jb9ZttaTm4onQ68}
{"logTime": "0123/154740", "correlationVector":"qAGzjF+jb9ZttaTm4onQ68.1","action":"SyncServerConnectionManagerRequest", "result":"SYNC_SERVER_OK", "context":{"environment":"Prod_eastus2_prod-s01-050-nam-eastus2", "migrationStage":"NotStarted", "server":"akswtt00300001u"}}
{"logTime": "0123/154740", "correlationVector":"qAGzjF+jb9ZttaTm4onQ68.2","action":"GetUpdates Response", "result":"Success", "context":Received 250 update(s). cV=qAGzjF+jb9ZttaTm4onQ68.0;server=akswtt00300001u;cloudType=Consumer;environment=Prod_eastus2_prod-s01-050-nam-eastus2;migrationStage=NotStarted Some updates remain.}
{"logTime": "0123/154740", "correlationVector":"4bb2xA4LmOx+BRLwGckOfO","action":"Initial GetUpdates", "result":"", "context":Reason: NEWLY_SUPPORTED_DATATYPE. cV=4bb2xA4LmOx+BRLwGckOfO}
{"logTime": "0123/154741", "correlationVector":"4bb2xA4LmOx+BRLwGckOfO.1","action":"SyncServerConnectionManagerRequest", "result":"SYNC_SERVER_OK", "context":{"environment":"Prod_eastus2_prod-s01-050-nam-eastus2", "migrationStage":"NotStarted", "server":"akswtt003000005"}}
{"logTime": "0123/154741", "correlationVector":"4bb2xA4LmOx+BRLwGckOfO.2","action":"GetUpdates Response", "result":"Success", "context":Received 250 update(s). cV=4bb2xA4LmOx+BRLwGckOfO.0;server=akswtt003000005;cloudType=Consumer;environment=Prod_eastus2_prod-s01-050-nam-eastus2;migrationStage=NotStarted Some updates remain.}
{"logTime": "0123/154741", "correlationVector":"Dmj+zJy8AwdOy6yLskXsFs","action":"Initial GetUpdates", "result":"", "context":Reason: NEWLY_SUPPORTED_DATATYPE. cV=Dmj+zJy8AwdOy6yLskXsFs}
{"logTime": "0123/154741", "correlationVector":"Dmj+zJy8AwdOy6yLskXsFs.1","action":"SyncServerConnectionManagerRequest", "result":"SYNC_SERVER_OK", "context":{"environment":"Prod_eastus2_prod-s01-050-nam-eastus2", "migrationStage":"NotStarted", "server":"akswtt0030000a1"}}
{"logTime": "0123/154741", "correlationVector":"Dmj+zJy8AwdOy6yLskXsFs.2","action":"GetUpdates Response", "result":"Success", "context":Received 250 update(s). cV=Dmj+zJy8AwdOy6yLskXsFs.0;server=akswtt0030000a1;cloudType=Consumer;environment=Prod_eastus2_prod-s01-050-nam-eastus2;migrationStage=NotStarted Some updates remain.}
{"logTime": "0123/154741", "correlationVector":"sYc10p1m2uWjnQCXUgoWVD","action":"Initial GetUpdates", "result":"", "context":Reason: NEWLY_SUPPORTED_DATATYPE. cV=sYc10p1m2uWjnQCXUgoWVD}
{"logTime": "0123/154742", "correlationVector":"sYc10p1m2uWjnQCXUgoWVD.1","action":"SyncServerConnectionManagerRequest", "result":"SYNC_SERVER_OK", "context":{"environment":"Prod_eastus2_prod-s01-050-nam-eastus2", "migrationStage":"NotStarted", "server":"akswtt00300001u"}}
{"logTime": "0123/154742", "correlationVector":"sYc10p1m2uWjnQCXUgoWVD.2","action":"GetUpdates Response", "result":"Success", "context":Received 250 update(s). cV=sYc10p1m2uWjnQCXUgoWVD.0;server=akswtt00300001u;cloudType=Consumer;environment=Prod_eastus2_prod-s01-050-nam-eastus2;migrationStage=NotStarted Some updates remain.}
{"logTime": "0123/154742", "correlationVector":"izAaLQqak5xNpmevxSfuS/","action":"Initial GetUpdates", "result":"", "context":Reason: NEWLY_SUPPORTED_DATATYPE. cV=izAaLQqak5xNpmevxSfuS/}
{"logTime": "0123/154743", "correlationVector":"izAaLQqak5xNpmevxSfuS/.1","action":"SyncServerConnectionManagerRequest", "result":"SYNC_SERVER_OK", "context":{"environment":"Prod_eastus2_prod-s01-050-nam-eastus2", "migrationStage":"NotStarted", "server":"akswtt0030000ay"}}
{"logTime": "0123/154743", "correlationVector":"izAaLQqak5xNpmevxSfuS/.2","action":"GetUpdates Response", "result":"Success", "context":Received 250 update(s). cV=izAaLQqak5xNpmevxSfuS/.0;server=akswtt0030000ay;cloudType=Consumer;environment=Prod_eastus2_prod-s01-050-nam-eastus2;migrationStage=NotStarted Some updates remain.}
{"logTime": "0123/154743", "correlationVector":"FZf/NTZdLYvDUK7VYJn1L3","action":"Initial GetUpdates", "result":"", "context":Reason: NEWLY_SUPPORTED_DATATYPE. cV=FZf/NTZdLYvDUK7VYJn1L3}
{"logTime": "0123/154743", "correlationVector":"FZf/NTZdLYvDUK7VYJn1L3.1","action":"SyncServerConnectionManagerRequest", "result":"SYNC_SERVER_OK", "context":{"environment":"Prod_eastus2_prod-s01-050-nam-eastus2", "migrationStage":"NotStarted", "server":"akswtt00300000j"}}
{"logTime": "0123/154743", "correlationVector":"FZf/NTZdLYvDUK7VYJn1L3.2","action":"GetUpdates Response", "result":"Success", "context":Received 250 update(s). cV=FZf/NTZdLYvDUK7VYJn1L3.0;server=akswtt00300000j;cloudType=Consumer;environment=Prod_eastus2_prod-s01-050-nam-eastus2;migrationStage=NotStarted Some updates remain.}
{"logTime": "0123/154743", "correlationVector":"cIY7kjFGXEBl+UgQU8hcPq","action":"Initial GetUpdates", "result":"", "context":Reason: NEWLY_SUPPORTED_DATATYPE. cV=cIY7kjFGXEBl+UgQU8hcPq}
{"logTime": "0123/154744", "correlationVector":"cIY7kjFGXEBl+UgQU8hcPq.1","action":"SyncServerConnectionManagerRequest", "result":"SYNC_SERVER_OK", "context":{"environment":"Prod_eastus2_prod-s01-050-nam-eastus2", "migrationStage":"NotStarted", "server":"akswtt003000028"}}
{"logTime": "0123/154744", "correlationVector":"cIY7kjFGXEBl+UgQU8hcPq.2","action":"GetUpdates Response", "result":"Success", "context":Received 250 update(s). cV=cIY7kjFGXEBl+UgQU8hcPq.0;server=akswtt003000028;cloudType=Consumer;environment=Prod_eastus2_prod-s01-050-nam-eastus2;migrationStage=NotStarted Some updates remain.}
{"logTime": "0123/154744", "correlationVector":"R6o+cppbrZP7TWopP9Shhl","action":"Initial GetUpdates", "result":"", "context":Reason: NEWLY_SUPPORTED_DATATYPE. cV=R6o+cppbrZP7TWopP9Shhl}
{"logTime": "0123/154744", "correlationVector":"R6o+cppbrZP7TWopP9Shhl.1","action":"SyncServerConnectionManagerRequest", "result":"SYNC_SERVER_OK", "context":{"environment":"Prod_eastus2_prod-s01-050-nam-eastus2", "migrationStage":"NotStarted", "server":"akswtt003000055"}}
{"logTime": "0123/154744", "correlationVector":"R6o+cppbrZP7TWopP9Shhl.2","action":"GetUpdates Response", "result":"Success", "context":Received 250 update(s). cV=R6o+cppbrZP7TWopP9Shhl.0;server=akswtt003000055;cloudType=Consumer;environment=Prod_eastus2_prod-s01-050-nam-eastus2;migrationStage=NotStarted Some updates remain.}
{"logTime": "0123/154744", "correlationVector":"KsCj2GAwGewHLdHJcc4A9T","action":"Initial GetUpdates", "result":"", "context":Reason: NEWLY_SUPPORTED_DATATYPE. cV=KsCj2GAwGewHLdHJcc4A9T}
{"logTime": "0123/154745", "correlationVector":"KsCj2GAwGewHLdHJcc4A9T.1","action":"SyncServerConnectionManagerRequest", "result":"SYNC_SERVER_OK", "context":{"environment":"Prod_eastus2_prod-s01-050-nam-eastus2", "migrationStage":"NotStarted", "server":"akswtt003000005"}}
{"logTime": "0123/154745", "correlationVector":"KsCj2GAwGewHLdHJcc4A9T.2","action":"GetUpdates Response", "result":"Success", "context":Received 250 update(s). cV=KsCj2GAwGewHLdHJcc4A9T.0;server=akswtt003000005;cloudType=Consumer;environment=Prod_eastus2_prod-s01-050-nam-eastus2;migrationStage=NotStarted Some updates remain.}
{"logTime": "0123/154745", "correlationVector":"0IMwSvdU/luRs7Vvc7jW65","action":"Initial GetUpdates", "result":"", "context":Reason: NEWLY_SUPPORTED_DATATYPE. cV=0IMwSvdU/luRs7Vvc7jW65}
{"logTime": "0123/154746", "correlationVector":"0IMwSvdU/luRs7Vvc7jW65.1","action":"SyncServerConnectionManagerRequest", "result":"SYNC_SERVER_OK", "context":{"environment":"Prod_eastus2_prod-s01-050-nam-eastus2", "migrationStage":"NotStarted", "server":"akswtt00300000j"}}
{"logTime": "0123/154746", "correlationVector":"0IMwSvdU/luRs7Vvc7jW65.2","action":"GetUpdates Response", "result":"Success", "context":Received 250 update(s). cV=0IMwSvdU/luRs7Vvc7jW65.0;server=akswtt00300000j;cloudType=Consumer;environment=Prod_eastus2_prod-s01-050-nam-eastus2;migrationStage=NotStarted Some updates remain.}
{"logTime": "0123/154746", "correlationVector":"FGJIIn+wZOG4SrFKYfNnq9","action":"Initial GetUpdates", "result":"", "context":Reason: NEWLY_SUPPORTED_DATATYPE. cV=FGJIIn+wZOG4SrFKYfNnq9}
{"logTime": "0123/154746", "correlationVector":"FGJIIn+wZOG4SrFKYfNnq9.1","action":"SyncServerConnectionManagerRequest", "result":"SYNC_SERVER_OK", "context":{"environment":"Prod_eastus2_prod-s01-050-nam-eastus2", "migrationStage":"NotStarted", "server":"akswtt00300001o"}}
{"logTime": "0123/154746", "correlationVector":"FGJIIn+wZOG4SrFKYfNnq9.2","action":"GetUpdates Response", "result":"Success", "context":Received 250 update(s). cV=FGJIIn+wZOG4SrFKYfNnq9.0;server=akswtt00300001o;cloudType=Consumer;environment=Prod_eastus2_prod-s01-050-nam-eastus2;migrationStage=NotStarted Some updates remain.}
{"logTime": "0123/154746", "correlationVector":"fvUv88qPKiRDygeljElwzo","action":"Initial GetUpdates", "result":"", "context":Reason: NEWLY_SUPPORTED_DATATYPE. cV=fvUv88qPKiRDygeljElwzo}
{"logTime": "0123/154747", "correlationVector":"fvUv88qPKiRDygeljElwzo.1","action":"SyncServerConnectionManagerRequest", "result":"SYNC_SERVER_OK", "context":{"environment":"Prod_eastus2_prod-s01-050-nam-eastus2", "migrationStage":"NotStarted", "server":"akswtt00300005j"}}
{"logTime": "0123/154747", "correlationVector":"fvUv88qPKiRDygeljElwzo.2","action":"GetUpdates Response", "result":"Success", "context":Received 250 update(s). cV=fvUv88qPKiRDygeljElwzo.0;server=akswtt00300005j;cloudType=Consumer;environment=Prod_eastus2_prod-s01-050-nam-eastus2;migrationStage=NotStarted Some updates remain.}
{"logTime": "0123/154747", "correlationVector":"gfV2Ovovsx8MeMFgUVIK1p","action":"Initial GetUpdates", "result":"", "context":Reason: NEWLY_SUPPORTED_DATATYPE. cV=gfV2Ovovsx8MeMFgUVIK1p}
{"logTime": "0123/154747", "correlationVector":"gfV2Ovovsx8MeMFgUVIK1p.1","action":"SyncServerConnectionManagerRequest", "result":"SYNC_SERVER_OK", "context":{"environment":"Prod_eastus2_prod-s01-050-nam-eastus2", "migrationStage":"NotStarted", "server":"akswtt003000057"}}
{"logTime": "0123/154747", "correlationVector":"gfV2Ovovsx8MeMFgUVIK1p.2","action":"GetUpdates Response", "result":"Success", "context":Received 250 update(s). cV=gfV2Ovovsx8MeMFgUVIK1p.0;server=akswtt003000057;cloudType=Consumer;environment=Prod_eastus2_prod-s01-050-nam-eastus2;migrationStage=NotStarted Some updates remain.}
{"logTime": "0123/154747", "correlationVector":"VCpCUFSIzL9Hxmn5IvsdLh","action":"Initial GetUpdates", "result":"", "context":Reason: NEWLY_SUPPORTED_DATATYPE. cV=VCpCUFSIzL9Hxmn5IvsdLh}
{"logTime": "0123/154748", "correlationVector":"VCpCUFSIzL9Hxmn5IvsdLh.1","action":"SyncServerConnectionManagerRequest", "result":"SYNC_SERVER_OK", "context":{"environment":"Prod_eastus2_prod-s01-050-nam-eastus2", "migrationStage":"NotStarted", "server":"akswtt00300001c"}}
{"logTime": "0123/154748", "correlationVector":"VCpCUFSIzL9Hxmn5IvsdLh.2","action":"GetUpdates Response", "result":"Success", "context":Received 250 update(s). cV=VCpCUFSIzL9Hxmn5IvsdLh.0;server=akswtt00300001c;cloudType=Consumer;environment=Prod_eastus2_prod-s01-050-nam-eastus2;migrationStage=NotStarted Some updates remain.}
{"logTime": "0123/154748", "correlationVector":"KK8bAAGCqumiKZb2Z4pmGw","action":"Initial GetUpdates", "result":"", "context":Reason: NEWLY_SUPPORTED_DATATYPE. cV=KK8bAAGCqumiKZb2Z4pmGw}
{"logTime": "0123/154748", "correlationVector":"KK8bAAGCqumiKZb2Z4pmGw.1","action":"SyncServerConnectionManagerRequest", "result":"SYNC_SERVER_OK", "context":{"environment":"Prod_eastus2_prod-s01-050-nam-eastus2", "migrationStage":"NotStarted", "server":"akswtt00300005j"}}
{"logTime": "0123/154748", "correlationVector":"KK8bAAGCqumiKZb2Z4pmGw.2","action":"GetUpdates Response", "result":"Success", "context":Received 250 update(s). cV=KK8bAAGCqumiKZb2Z4pmGw.0;server=akswtt00300005j;cloudType=Consumer;environment=Prod_eastus2_prod-s01-050-nam-eastus2;migrationStage=NotStarted Some updates remain.}
{"logTime": "0123/154748", "correlationVector":"H7qHusk9Z0f742ukBpsAl/","action":"Initial GetUpdates", "result":"", "context":Reason: NEWLY_SUPPORTED_DATATYPE. cV=H7qHusk9Z0f742ukBpsAl/}
{"logTime": "0123/154749", "correlationVector":"H7qHusk9Z0f742ukBpsAl/.1","action":"SyncServerConnectionManagerRequest", "result":"SYNC_SERVER_OK", "context":{"environment":"Prod_eastus2_prod-s01-050-nam-eastus2", "migrationStage":"NotStarted", "server":"akswtt00300005m"}}
{"logTime": "0123/154749", "correlationVector":"H7qHusk9Z0f742ukBpsAl/.2","action":"GetUpdates Response", "result":"Success", "context":Received 250 update(s). cV=H7qHusk9Z0f742ukBpsAl/.0;server=akswtt00300005m;cloudType=Consumer;environment=Prod_eastus2_prod-s01-050-nam-eastus2;migrationStage=NotStarted Some updates remain.}
{"logTime": "0123/154749", "correlationVector":"KA4VsZY4JX9O2lgEKTuYDR","action":"Initial GetUpdates", "result":"", "context":Reason: NEWLY_SUPPORTED_DATATYPE. cV=KA4VsZY4JX9O2lgEKTuYDR}
{"logTime": "0123/154750", "correlationVector":"KA4VsZY4JX9O2lgEKTuYDR.1","action":"SyncServerConnectionManagerRequest", "result":"SYNC_SERVER_OK", "context":{"environment":"Prod_eastus2_prod-s01-050-nam-eastus2", "migrationStage":"NotStarted", "server":"akswtt0030000ao"}}
{"logTime": "0123/154750", "correlationVector":"KA4VsZY4JX9O2lgEKTuYDR.2","action":"GetUpdates Response", "result":"Success", "context":Received 250 update(s). cV=KA4VsZY4JX9O2lgEKTuYDR.0;server=akswtt0030000ao;cloudType=Consumer;environment=Prod_eastus2_prod-s01-050-nam-eastus2;migrationStage=NotStarted Some updates remain.}
{"logTime": "0123/154750", "correlationVector":"4wjUcLMAD9OD4SQaXfVGui","action":"Initial GetUpdates", "result":"", "context":Reason: NEWLY_SUPPORTED_DATATYPE. cV=4wjUcLMAD9OD4SQaXfVGui}
{"logTime": "0123/154750", "correlationVector":"4wjUcLMAD9OD4SQaXfVGui.1","action":"SyncServerConnectionManagerRequest", "result":"SYNC_SERVER_OK", "context":{"environment":"Prod_eastus2_prod-s01-050-nam-eastus2", "migrationStage":"NotStarted", "server":"akswtt00300001i"}}
{"logTime": "0123/154750", "correlationVector":"4wjUcLMAD9OD4SQaXfVGui.2","action":"GetUpdates Response", "result":"Success", "context":Received 250 update(s). cV=4wjUcLMAD9OD4SQaXfVGui.0;server=akswtt00300001i;cloudType=Consumer;environment=Prod_eastus2_prod-s01-050-nam-eastus2;migrationStage=NotStarted Some updates remain.}
{"logTime": "0123/154750", "correlationVector":"dA6fseQLKcvAccAOEELBLI","action":"Initial GetUpdates", "result":"", "context":Reason: NEWLY_SUPPORTED_DATATYPE. cV=dA6fseQLKcvAccAOEELBLI}
{"logTime": "0123/154751", "correlationVector":"dA6fseQLKcvAccAOEELBLI.1","action":"SyncServerConnectionManagerRequest", "result":"SYNC_SERVER_OK", "context":{"environment":"Prod_eastus2_prod-s01-050-nam-eastus2", "migrationStage":"NotStarted", "server":"akswtt00300005j"}}
{"logTime": "0123/154751", "correlationVector":"dA6fseQLKcvAccAOEELBLI.2","action":"GetUpdates Response", "result":"Success", "context":Received 250 update(s). cV=dA6fseQLKcvAccAOEELBLI.0;server=akswtt00300005j;cloudType=Consumer;environment=Prod_eastus2_prod-s01-050-nam-eastus2;migrationStage=NotStarted Some updates remain.}
{"logTime": "0123/154751", "correlationVector":"h84YMy5pQIrUaWhJnwPBbg","action":"Initial GetUpdates", "result":"", "context":Reason: NEWLY_SUPPORTED_DATATYPE. cV=h84YMy5pQIrUaWhJnwPBbg}
{"logTime": "0123/154751", "correlationVector":"h84YMy5pQIrUaWhJnwPBbg.1","action":"SyncServerConnectionManagerRequest", "result":"SYNC_SERVER_OK", "context":{"environment":"Prod_eastus2_prod-s01-050-nam-eastus2", "migrationStage":"NotStarted", "server":"akswtt003000055"}}
{"logTime": "0123/154751", "correlationVector":"h84YMy5pQIrUaWhJnwPBbg.2","action":"GetUpdates Response", "result":"Success", "context":Received 250 update(s). cV=h84YMy5pQIrUaWhJnwPBbg.0;server=akswtt003000055;cloudType=Consumer;environment=Prod_eastus2_prod-s01-050-nam-eastus2;migrationStage=NotStarted Some updates remain.}
{"logTime": "0123/154751", "correlationVector":"yI7fiChkJjh3x3xROjAGBX","action":"Initial GetUpdates", "result":"", "context":Reason: NEWLY_SUPPORTED_DATATYPE. cV=yI7fiChkJjh3x3xROjAGBX}
{"logTime": "0123/154752", "correlationVector":"yI7fiChkJjh3x3xROjAGBX.1","action":"SyncServerConnectionManagerRequest", "result":"SYNC_SERVER_OK", "context":{"environment":"Prod_eastus2_prod-s01-050-nam-eastus2", "migrationStage":"NotStarted", "server":"akswtt00300005m"}}
{"logTime": "0123/154752", "correlationVector":"yI7fiChkJjh3x3xROjAGBX.2","action":"GetUpdates Response", "result":"Success", "context":Received 250 update(s). cV=yI7fiChkJjh3x3xROjAGBX.0;server=akswtt00300005m;cloudType=Consumer;environment=Prod_eastus2_prod-s01-050-nam-eastus2;migrationStage=NotStarted Some updates remain.}
{"logTime": "0123/154752", "correlationVector":"ud4SjQOHUhoWF1aADU+fna","action":"Initial GetUpdates", "result":"", "context":Reason: NEWLY_SUPPORTED_DATATYPE. cV=ud4SjQOHUhoWF1aADU+fna}
{"logTime": "0123/154752", "correlationVector":"ud4SjQOHUhoWF1aADU+fna.1","action":"SyncServerConnectionManagerRequest", "result":"SYNC_SERVER_OK", "context":{"environment":"Prod_eastus2_prod-s01-050-nam-eastus2", "migrationStage":"NotStarted", "server":"akswtt00300001w"}}
{"logTime": "0123/154752", "correlationVector":"ud4SjQOHUhoWF1aADU+fna.2","action":"GetUpdates Response", "result":"Success", "context":Received 250 update(s). cV=ud4SjQOHUhoWF1aADU+fna.0;server=akswtt00300001w;cloudType=Consumer;environment=Prod_eastus2_prod-s01-050-nam-eastus2;migrationStage=NotStarted Some updates remain.}
{"logTime": "0123/154752", "correlationVector":"w6kzWBAx/SVsuDKnVOdOjy","action":"Initial GetUpdates", "result":"", "context":Reason: NEWLY_SUPPORTED_DATATYPE. cV=w6kzWBAx/SVsuDKnVOdOjy}
{"logTime": "0123/154753", "correlationVector":"w6kzWBAx/SVsuDKnVOdOjy.1","action":"SyncServerConnectionManagerRequest", "result":"SYNC_SERVER_OK", "context":{"environment":"Prod_eastus2_prod-s01-050-nam-eastus2", "migrationStage":"NotStarted", "server":"akswtt0030000ay"}}
{"logTime": "0123/154753", "correlationVector":"w6kzWBAx/SVsuDKnVOdOjy.2","action":"GetUpdates Response", "result":"Success", "context":Received 250 update(s). cV=w6kzWBAx/SVsuDKnVOdOjy.0;server=akswtt0030000ay;cloudType=Consumer;environment=Prod_eastus2_prod-s01-050-nam-eastus2;migrationStage=NotStarted Some updates remain.}
{"logTime": "0123/154753", "correlationVector":"hcnhYXhxRk0xC/86p8wscf","action":"Initial GetUpdates", "result":"", "context":Reason: NEWLY_SUPPORTED_DATATYPE. cV=hcnhYXhxRk0xC/86p8wscf}
{"logTime": "0123/154753", "correlationVector":"hcnhYXhxRk0xC/86p8wscf.1","action":"SyncServerConnectionManagerRequest", "result":"SYNC_SERVER_OK", "context":{"environment":"Prod_eastus2_prod-s01-050-nam-eastus2", "migrationStage":"NotStarted", "server":"akswtt0030000a1"}}
{"logTime": "0123/154753", "correlationVector":"hcnhYXhxRk0xC/86p8wscf.2","action":"GetUpdates Response", "result":"Success", "context":Received 250 update(s). cV=hcnhYXhxRk0xC/86p8wscf.0;server=akswtt0030000a1;cloudType=Consumer;environment=Prod_eastus2_prod-s01-050-nam-eastus2;migrationStage=NotStarted Some updates remain.}
{"logTime": "0123/154753", "correlationVector":"k0RoVtmqoovVa2dgbfBQvx","action":"Initial GetUpdates", "result":"", "context":Reason: NEWLY_SUPPORTED_DATATYPE. cV=k0RoVtmqoovVa2dgbfBQvx}
{"logTime": "0123/154754", "correlationVector":"k0RoVtmqoovVa2dgbfBQvx.1","action":"SyncServerConnectionManagerRequest", "result":"SYNC_SERVER_OK", "context":{"environment":"Prod_eastus2_prod-s01-050-nam-eastus2", "migrationStage":"NotStarted", "server":"akswtt00300001u"}}
{"logTime": "0123/154754", "correlationVector":"k0RoVtmqoovVa2dgbfBQvx.2","action":"GetUpdates Response", "result":"Success", "context":Received 250 update(s). cV=k0RoVtmqoovVa2dgbfBQvx.0;server=akswtt00300001u;cloudType=Consumer;environment=Prod_eastus2_prod-s01-050-nam-eastus2;migrationStage=NotStarted Some updates remain.}
{"logTime": "0123/154754", "correlationVector":"43vYku4l1xdynLhAzxU71q","action":"Initial GetUpdates", "result":"", "context":Reason: NEWLY_SUPPORTED_DATATYPE. cV=43vYku4l1xdynLhAzxU71q}
{"logTime": "0123/154754", "correlationVector":"43vYku4l1xdynLhAzxU71q.1","action":"SyncServerConnectionManagerRequest", "result":"SYNC_SERVER_OK", "context":{"environment":"Prod_eastus2_prod-s01-050-nam-eastus2", "migrationStage":"NotStarted", "server":"akswtt00300001o"}}
{"logTime": "0123/154754", "correlationVector":"43vYku4l1xdynLhAzxU71q.2","action":"GetUpdates Response", "result":"Success", "context":Received 63 update(s). cV=43vYku4l1xdynLhAzxU71q.0;server=akswtt00300001o;cloudType=Consumer;environment=Prod_eastus2_prod-s01-050-nam-eastus2;migrationStage=NotStarted}
{"logTime": "0123/154754", "correlationVector":"F9xpXU/cjO9L3v2dEidz49","action":"Normal GetUpdate request", "result":"", "context":cV=F9xpXU/cjO9L3v2dEidz49
Nudged types: Typed URLs, Sessions, Device Info, User Consents
Refresh requested types: Bookmarks, Preferences, Passwords, Autofill Profiles, Autofill, Typed URLs, Extensions, Sessions, Extension settings, History Delete Directives, Device Info, User Consents, Send Tab To Self, Web Apps, History, Collection, Edge E Drop, Edge Hub App Usage, Edge Tab Group, Edge Wallet, Encryption Keys}
{"logTime": "0123/154754", "correlationVector":"F9xpXU/cjO9L3v2dEidz49.1","action":"SyncServerConnectionManagerRequest", "result":"SYNC_SERVER_OK", "context":{"environment":"Prod_eastus2_prod-s01-050-nam-eastus2", "migrationStage":"NotStarted", "server":"akswtt003000057"}}
{"logTime": "0123/154754", "correlationVector":"F9xpXU/cjO9L3v2dEidz49.2","action":"GetUpdates Response", "result":"Success", "context":Received 0 update(s). cV=F9xpXU/cjO9L3v2dEidz49.0;server=akswtt003000057;cloudType=Consumer;environment=Prod_eastus2_prod-s01-050-nam-eastus2;migrationStage=NotStarted}
{"logTime": "0123/154754", "correlationVector":"TfZZT0RKgCEGfLVai1aR51","action":"Commit Request", "result":"", "context":Item count: 40
Contributing types: Typed URLs, Device Info}
{"logTime": "0123/154756", "correlationVector":"TfZZT0RKgCEGfLVai1aR51.1","action":"SyncServerConnectionManagerRequest", "result":"SYNC_SERVER_OK", "context":{"environment":"Prod_eastus2_prod-s01-050-nam-eastus2", "migrationStage":"NotStarted", "server":"akswtt003000028"}}
{"logTime": "0123/154756", "correlationVector":"TfZZT0RKgCEGfLVai1aR51.2","action":"Commit Response", "result":"Success", "context":Result: Success. cV=TfZZT0RKgCEGfLVai1aR51.0;server=akswtt003000028;cloudType=Consumer;environment=Prod_eastus2_prod-s01-050-nam-eastus2;migrationStage=NotStarted}
{"logTime": "0123/154756", "correlationVector":"ugMySeImEpyADBJ7y4YCiX","action":"Commit Request", "result":"", "context":Item count: 35
Contributing types: Typed URLs, Sessions, User Consents}
{"logTime": "0123/154758", "correlationVector":"ugMySeImEpyADBJ7y4YCiX.1","action":"SyncServerConnectionManagerRequest", "result":"SYNC_SERVER_OK", "context":{"environment":"Prod_eastus2_prod-s01-050-nam-eastus2", "migrationStage":"NotStarted", "server":"akswtt00300001u"}}
{"logTime": "0123/154758", "correlationVector":"ugMySeImEpyADBJ7y4YCiX.2","action":"Commit Response", "result":"Success", "context":Result: Success. cV=ugMySeImEpyADBJ7y4YCiX.0;server=akswtt00300001u;cloudType=Consumer;environment=Prod_eastus2_prod-s01-050-nam-eastus2;migrationStage=NotStarted}
{"logTime": "0123/154923", "correlationVector":"4rFs0hZyAL6LM/i4yBr3u1","action":"Normal GetUpdate request", "result":"", "context":cV=4rFs0hZyAL6LM/i4yBr3u1
Nudged types: Sessions, History
Notified types: History}
{"logTime": "0123/154924", "correlationVector":"4rFs0hZyAL6LM/i4yBr3u1.1","action":"SyncServerConnectionManagerRequest", "result":"SYNC_SERVER_OK", "context":{"environment":"Prod_eastus2_prod-s01-050-nam-eastus2", "migrationStage":"NotStarted", "server":"akswtt00300009r"}}
{"logTime": "0123/154924", "correlationVector":"4rFs0hZyAL6LM/i4yBr3u1.2","action":"GetUpdates Response", "result":"Success", "context":Received 96 update(s). cV=4rFs0hZyAL6LM/i4yBr3u1.0;server=akswtt00300009r;cloudType=Consumer;environment=Prod_eastus2_prod-s01-050-nam-eastus2;migrationStage=NotStarted}
{"logTime": "0123/154924", "correlationVector":"zvXs3IB9ok7iFKmC+mR04S","action":"DoCompareDataConsistency: ", "result":"has local changes and skip compare"}
{"logTime": "0123/154924", "correlationVector":"xg27P8cNNTM1BkbJpVY0cx","action":"Commit Request", "result":"", "context":Item count: 7
Contributing types: Typed URLs, Sessions, History}
{"logTime": "0123/154924", "correlationVector":"xg27P8cNNTM1BkbJpVY0cx.1","action":"SyncServerConnectionManagerRequest", "result":"SYNC_SERVER_OK", "context":{"environment":"Prod_eastus2_prod-s01-050-nam-eastus2", "migrationStage":"NotStarted", "server":"akswtt00300004n"}}
{"logTime": "0123/154924", "correlationVector":"xg27P8cNNTM1BkbJpVY0cx.2","action":"Commit Response", "result":"Success", "context":Result: Success. cV=xg27P8cNNTM1BkbJpVY0cx.0;server=akswtt00300004n;cloudType=Consumer;environment=Prod_eastus2_prod-s01-050-nam-eastus2;migrationStage=NotStarted}
{"logTime": "0123/155024", "correlationVector":"eWB1pMtFD2k/+GtYZ5osNa","action":"Commit Request", "result":"", "context":Item count: 4
Contributing types: Sessions, History}
{"logTime": "0123/155025", "correlationVector":"eWB1pMtFD2k/+GtYZ5osNa.1","action":"SyncServerConnectionManagerRequest", "result":"SYNC_SERVER_OK", "context":{"environment":"Prod_eastus2_prod-s01-050-nam-eastus2", "migrationStage":"NotStarted", "server":"akswtt0030000a4"}}
{"logTime": "0123/155025", "correlationVector":"eWB1pMtFD2k/+GtYZ5osNa.2","action":"Commit Response", "result":"Success", "context":Result: Success. cV=eWB1pMtFD2k/+GtYZ5osNa.0;server=akswtt0030000a4;cloudType=Consumer;environment=Prod_eastus2_prod-s01-050-nam-eastus2;migrationStage=NotStarted}
{"logTime": "0123/155151", "correlationVector":"rw/2NeudwuBsaw5+Dxl3vM","action":"Normal GetUpdate request", "result":"", "context":cV=rw/2NeudwuBsaw5+Dxl3vM
Notified types: History}
{"logTime": "0123/155152", "correlationVector":"rw/2NeudwuBsaw5+Dxl3vM.1","action":"SyncServerConnectionManagerRequest", "result":"SYNC_SERVER_OK", "context":{"environment":"Prod_eastus2_prod-s01-050-nam-eastus2", "migrationStage":"NotStarted", "server":"akswtt0030000b0"}}
{"logTime": "0123/155152", "correlationVector":"rw/2NeudwuBsaw5+Dxl3vM.2","action":"GetUpdates Response", "result":"Success", "context":Received 39 update(s). cV=rw/2NeudwuBsaw5+Dxl3vM.0;server=akswtt0030000b0;cloudType=Consumer;environment=Prod_eastus2_prod-s01-050-nam-eastus2;migrationStage=NotStarted}
{"logTime": "0123/155252", "correlationVector":"2GR3aO1suW+t+See+96nce","action":"Normal GetUpdate request", "result":"", "context":cV=2GR3aO1suW+t+See+96nce
Notified types: History}
{"logTime": "0123/155252", "correlationVector":"2GR3aO1suW+t+See+96nce.1","action":"SyncServerConnectionManagerRequest", "result":"SYNC_SERVER_OK", "context":{"environment":"Prod_eastus2_prod-s01-050-nam-eastus2", "migrationStage":"NotStarted", "server":"akswtt003000056"}}
{"logTime": "0123/155252", "correlationVector":"2GR3aO1suW+t+See+96nce.2","action":"GetUpdates", "result":"DeleteReceived", "context":{"id":"f001fe54-d6af-4666-aaca-75cd14d4a873", "isDeleted:":"true", "version":"1737647572203"}}
{"logTime": "0123/155252", "correlationVector":"2GR3aO1suW+t+See+96nce.3","action":"GetUpdates Response", "result":"Success", "context":Received 16 update(s). cV=2GR3aO1suW+t+See+96nce.0;server=akswtt003000056;cloudType=Consumer;environment=Prod_eastus2_prod-s01-050-nam-eastus2;migrationStage=NotStarted}
{"logTime": "0123/155439", "correlationVector":"vtRd8NBXA3V7djRIHmB7kO","action":"Normal GetUpdate request", "result":"", "context":cV=vtRd8NBXA3V7djRIHmB7kO
Notified types: History}
{"logTime": "0123/155439", "correlationVector":"vtRd8NBXA3V7djRIHmB7kO.1","action":"SyncServerConnectionManagerRequest", "result":"SYNC_SERVER_OK", "context":{"environment":"Prod_eastus2_prod-s01-050-nam-eastus2", "migrationStage":"NotStarted", "server":"akswtt003000056"}}
{"logTime": "0123/155439", "correlationVector":"vtRd8NBXA3V7djRIHmB7kO.2","action":"GetUpdates Response", "result":"Success", "context":Received 9 update(s). cV=vtRd8NBXA3V7djRIHmB7kO.0;server=akswtt003000056;cloudType=Consumer;environment=Prod_eastus2_prod-s01-050-nam-eastus2;migrationStage=NotStarted}
{"logTime": "0123/155555", "correlationVector":"PeydU9cDw5endyk/SP4Q/n","action":"Normal GetUpdate request", "result":"", "context":cV=PeydU9cDw5endyk/SP4Q/n
Notified types: History}
{"logTime": "0123/155605", "correlationVector":"PeydU9cDw5endyk/SP4Q/n.1","action":"SyncServerConnectionManagerRequest", "result":"SYNC_SERVER_OK", "context":{"environment":"Prod_eastus2_prod-s01-050-nam-eastus2", "migrationStage":"NotStarted", "server":"akswtt00300001w"}}
{"logTime": "0123/155605", "correlationVector":"PeydU9cDw5endyk/SP4Q/n.2","action":"GetUpdates Response", "result":"Success", "context":Received 1 update(s). cV=PeydU9cDw5endyk/SP4Q/n.0;server=akswtt00300001w;cloudType=Consumer;environment=Prod_eastus2_prod-s01-050-nam-eastus2;migrationStage=NotStarted}
{"logTime": "0123/155714", "correlationVector":"P/uQuDt22tVkFHDvp4sVvn.1","action":"SyncServerConnectionManagerRequest", "result":"SYNC_SERVER_OK", "context":{"environment":"Prod_eastus_prod-s01-056-nam-eastus", "migrationStage":"NotStarted", "server":"akswtt00300001c"}}
{"logTime": "0123/155715", "correlationVector":"sUfKmOGlUdSCgIIIJvsq36","action":"SyncServerConnectionManagerRequest", "result":"SYNC_SERVER_OK", "context":{"environment":"", "migrationStage":"", "server":""}}
{"logTime": "0123/155715", "correlationVector":"P/uQuDt22tVkFHDvp4sVvn","action":"Initial GetUpdates", "result":"", "context":Reason: NEW_CLIENT. cV=P/uQuDt22tVkFHDvp4sVvn}
{"logTime": "0123/155715", "correlationVector":"P/uQuDt22tVkFHDvp4sVvn.2","action":"GetUpdates Response", "result":"Success", "context":Received 1 update(s). cV=P/uQuDt22tVkFHDvp4sVvn.0;server=akswtt00300001c;cloudType=Consumer;environment=Prod_eastus_prod-s01-056-nam-eastus;migrationStage=NotStarted}
{"logTime": "0123/155715", "correlationVector":"DxnpXE7itTjpVfmB7CpOnc","action":"Initial GetUpdates", "result":"", "context":Reason: NEWLY_SUPPORTED_DATATYPE. cV=DxnpXE7itTjpVfmB7CpOnc}
{"logTime": "0123/155715", "correlationVector":"DxnpXE7itTjpVfmB7CpOnc.1","action":"SyncServerConnectionManagerRequest", "result":"SYNC_SERVER_OK", "context":{"environment":"Prod_eastus_prod-s01-056-nam-eastus", "migrationStage":"NotStarted", "server":"akswtt00300001q"}}
{"logTime": "0123/155715", "correlationVector":"DxnpXE7itTjpVfmB7CpOnc.2","action":"GetUpdates", "result":"DeleteReceived", "context":{"id":"db5eef00-be5c-43ae-95d3-9fcc7fed98c7", "isDeleted:":"true", "version":"1709991671329"}}
{"logTime": "0123/155715", "correlationVector":"DxnpXE7itTjpVfmB7CpOnc.3","action":"GetUpdates", "result":"DeleteReceived", "context":{"id":"93ffb732-77a9-43d3-9e4f-d9d79386edd4", "isDeleted:":"true", "version":"1709999567780"}}
{"logTime": "0123/155715", "correlationVector":"DxnpXE7itTjpVfmB7CpOnc.4","action":"GetUpdates", "result":"DeleteReceived", "context":{"id":"b14076b3-3d44-4c75-aef5-b0f8c03d3b44", "isDeleted:":"true", "version":"1710772965947"}}
{"logTime": "0123/155715", "correlationVector":"DxnpXE7itTjpVfmB7CpOnc.5","action":"GetUpdates", "result":"DeleteReceived", "context":{"id":"9ec86edc-d3a5-43aa-8239-97e98da5e90f", "isDeleted:":"true", "version":"1710776923403"}}
{"logTime": "0123/155715", "correlationVector":"DxnpXE7itTjpVfmB7CpOnc.6","action":"GetUpdates", "result":"DeleteReceived", "context":{"id":"a54f01da-6db0-4152-84da-80be1a5dc9d0", "isDeleted:":"true", "version":"1710859594202"}}
{"logTime": "0123/155715", "correlationVector":"DxnpXE7itTjpVfmB7CpOnc.7","action":"GetUpdates", "result":"DeleteReceived", "context":{"id":"e0a6729a-a95a-4f6b-95fa-1dde28c072f1", "isDeleted:":"true", "version":"1711644414931"}}
{"logTime": "0123/155715", "correlationVector":"DxnpXE7itTjpVfmB7CpOnc.8","action":"GetUpdates", "result":"DeleteReceived", "context":{"id":"b1714e88-114a-4b75-ad67-99af091fc376", "isDeleted:":"true", "version":"1712767199971"}}
{"logTime": "0123/155715", "correlationVector":"DxnpXE7itTjpVfmB7CpOnc.9","action":"GetUpdates", "result":"DeleteReceived", "context":{"id":"ac8f1fb7-f1c9-47ea-b81e-b6dfeaeca1e6", "isDeleted:":"true", "version":"1713191318385"}}
{"logTime": "0123/155715", "correlationVector":"DxnpXE7itTjpVfmB7CpOnc.10","action":"GetUpdates", "result":"DeleteReceived", "context":{"id":"7d915f34-7902-48e7-aac5-38d3ba0f6510", "isDeleted:":"true", "version":"1715700879739"}}
{"logTime": "0123/155715", "correlationVector":"DxnpXE7itTjpVfmB7CpOnc.11","action":"GetUpdates", "result":"DeleteReceived", "context":{"id":"bdc53b37-0a9f-45db-ad3c-bb5b2d294f91", "isDeleted:":"true", "version":"1716394419041"}}
{"logTime": "0123/155715", "correlationVector":"DxnpXE7itTjpVfmB7CpOnc.12","action":"GetUpdates", "result":"DeleteReceived", "context":{"id":"80780df0-2055-4c71-b691-2f2e21faf815", "isDeleted:":"true", "version":"1736858665377"}}
{"logTime": "0123/155715", "correlationVector":"DxnpXE7itTjpVfmB7CpOnc.13","action":"GetUpdates", "result":"DeleteReceived", "context":{"id":"0b8dfad0-75c4-4fb2-b0db-affd73268bb0", "isDeleted:":"true", "version":"1736985053022"}}
{"logTime": "0123/155715", "correlationVector":"DxnpXE7itTjpVfmB7CpOnc.14","action":"GetUpdates", "result":"DeleteReceived", "context":{"id":"9b427a13-bc8c-4a79-8878-9f0b40274217", "isDeleted:":"true", "version":"1737038158591"}}
{"logTime": "0123/155715", "correlationVector":"DxnpXE7itTjpVfmB7CpOnc.15","action":"GetUpdates Response", "result":"Success", "context":Received 81 update(s). cV=DxnpXE7itTjpVfmB7CpOnc.0;server=akswtt00300001q;cloudType=Consumer;environment=Prod_eastus_prod-s01-056-nam-eastus;migrationStage=NotStarted}
{"logTime": "0123/155716", "correlationVector":"1HjxTXLSaRO2GaoweQ/V6Y","action":"Normal GetUpdate request", "result":"", "context":cV=1HjxTXLSaRO2GaoweQ/V6Y
Nudged types: Sessions, Device Info
Refresh requested types: Bookmarks, Preferences, Passwords, Autofill Profiles, Autofill, Extensions, Sessions, Extension settings, History Delete Directives, Device Info, User Consents, Send Tab To Self, Web Apps, History, Collection, Edge E Drop, Edge Hub App Usage, Edge Tab Group, Edge Wallet, Encryption Keys}
{"logTime": "0123/155716", "correlationVector":"1HjxTXLSaRO2GaoweQ/V6Y.1","action":"SyncServerConnectionManagerRequest", "result":"SYNC_SERVER_OK", "context":{"environment":"Prod_eastus_prod-s01-056-nam-eastus", "migrationStage":"NotStarted", "server":"akswtt00300000s"}}
{"logTime": "0123/155716", "correlationVector":"1HjxTXLSaRO2GaoweQ/V6Y.2","action":"GetUpdates Response", "result":"Success", "context":Received 15 update(s). cV=1HjxTXLSaRO2GaoweQ/V6Y.0;server=akswtt00300000s;cloudType=Consumer;environment=Prod_eastus_prod-s01-056-nam-eastus;migrationStage=NotStarted}
{"logTime": "0123/155716", "correlationVector":"lYEw/Onh8VWM+iL7kcT/EB","action":"DoCompareDataConsistency requsted types: ", "result":"Bookmarks, Preferences, Passwords, Extensions, Extension settings, History Delete Directives, Send Tab To Self, Web Apps, History, Collection, Edge E Drop, Edge Tab Group, Edge Wallet, Encryption Keys"}
{"logTime": "0123/155716", "correlationVector":"lYEw/Onh8VWM+iL7kcT/EB.0","action":"CompareDataConsistency result: ", "result":"Compare result: Encryption Keys is consistent. local entities count is: 1 local entities hash is: 5KYiTGGhWX4S1E3oXr1zkzzNr8E="}
{"logTime": "0123/155716", "correlationVector":"lYEw/Onh8VWM+iL7kcT/EB.1","action":"CompareDataConsistency result: ", "result":"Compare result: Bookmarks is consistent. local entities count is: 12 local entities hash is: g0pFEgBHJ4BhWvavkuBNipFp3yk="}
{"logTime": "0123/155716", "correlationVector":"lYEw/Onh8VWM+iL7kcT/EB.2","action":"CompareDataConsistency result: ", "result":"Compare result: Preferences is consistent. local entities count is: 98 local entities hash is: EDvyGFrjPijA0haJ4/GGsOeDqf8="}
{"logTime": "0123/155716", "correlationVector":"lYEw/Onh8VWM+iL7kcT/EB.3","action":"CompareDataConsistency result: ", "result":"Compare result: Extensions is consistent. local entities count is: 2 local entities hash is: 9vg/ptPKWvQMDUw89hEQH7OG0co="}
{"logTime": "0123/155716", "correlationVector":"lYEw/Onh8VWM+iL7kcT/EB.4","action":"CompareDataConsistency result: ", "result":"Compare result: Extension settings is consistent. local entities count is: 2 local entities hash is: zu67kaKdxBzsQjF3f98qebZa+8s="}
{"logTime": "0123/155716", "correlationVector":"lYEw/Onh8VWM+iL7kcT/EB.5","action":"CompareDataConsistency result: ", "result":"Compare result: History Delete Directives is consistent. local entities count is: 0 local entities hash is: "}
{"logTime": "0123/155716", "correlationVector":"lYEw/Onh8VWM+iL7kcT/EB.6","action":"CompareDataConsistency result: ", "result":"Server did not send this Send Tab To Self local entities count is: 0 local entities hash is: "}
{"logTime": "0123/155716", "correlationVector":"lYEw/Onh8VWM+iL7kcT/EB.7","action":"CompareDataConsistency result: ", "result":"Compare result: Web Apps is consistent. local entities count is: 0 local entities hash is: "}
{"logTime": "0123/155716", "correlationVector":"lYEw/Onh8VWM+iL7kcT/EB.8","action":"CompareDataConsistency result: ", "result":"Server did not send this History local entities count is: 0 local entities hash is: "}
{"logTime": "0123/155716", "correlationVector":"lYEw/Onh8VWM+iL7kcT/EB.9","action":"CompareDataConsistency result: ", "result":"Compare result: Collection is consistent. local entities count is: 0 local entities hash is: "}
{"logTime": "0123/155716", "correlationVector":"lYEw/Onh8VWM+iL7kcT/EB.10","action":"CompareDataConsistency result: ", "result":"Compare result: Edge E Drop is consistent. local entities count is: 0 local entities hash is: "}
{"logTime": "0123/155716", "correlationVector":"lYEw/Onh8VWM+iL7kcT/EB.11","action":"CompareDataConsistency result: ", "result":"Compare result: Edge Tab Group is consistent. local entities count is: 4 local entities hash is: xufYg7R+InXC7ldNnr5iLQiqYZE="}
{"logTime": "0123/155716", "correlationVector":"lYEw/Onh8VWM+iL7kcT/EB.12","action":"CompareDataConsistency result: ", "result":"Compare result: Edge Wallet is consistent. local entities count is: 0 local entities hash is: "}
{"logTime": "0123/155716", "correlationVector":"lYEw/Onh8VWM+iL7kcT/EB.13","action":"CompareDataConsistency result: ", "result":"Compare result: Passwords is consistent. local entities count is: 68 local entities hash is: iJ6+MkOManHh20yfZT8gqLiuZ+k="}
{"logTime": "0123/155716", "correlationVector":"HqslbtpP+3RurZIxJ+gyJG","action":"Commit Request", "result":"", "context":Item count: 4
Contributing types: Sessions, Device Info}
{"logTime": "0123/155717", "correlationVector":"HqslbtpP+3RurZIxJ+gyJG.1","action":"SyncServerConnectionManagerRequest", "result":"SYNC_SERVER_OK", "context":{"environment":"Prod_eastus_prod-s01-056-nam-eastus", "migrationStage":"NotStarted", "server":"akswtt003000025"}}
{"logTime": "0123/155717", "correlationVector":"HqslbtpP+3RurZIxJ+gyJG.3","action":"Commit.Sessions", "result":"Success", "context":{"id":"fbcc85fd-6a6d-40dc-a6d4-3776925b8be6", "isDeleted":"true", "size":"0", "version":"1737647425480"}}
{"logTime": "0123/155717", "correlationVector":"HqslbtpP+3RurZIxJ+gyJG.2","action":"Commit Response", "result":"Success", "context":Result: Success. cV=HqslbtpP+3RurZIxJ+gyJG.0;server=akswtt003000025;cloudType=Consumer;environment=Prod_eastus_prod-s01-056-nam-eastus;migrationStage=NotStarted}
{"logTime": "0123/155717", "correlationVector":"","action":"DIAGNOSTIC_REQUEST|v1/diagnosticData/Diagnostic.SendCheckResult()|SUCCESS", "result":""}
{"logTime": "0123/155814", "correlationVector":"rCuoegRgBhDFPoEKMzz3Qp","action":"Commit Request", "result":"", "context":Item count: 7
Contributing types: Sessions, History}
{"logTime": "0123/155815", "correlationVector":"rCuoegRgBhDFPoEKMzz3Qp.1","action":"SyncServerConnectionManagerRequest", "result":"SYNC_SERVER_OK", "context":{"environment":"Prod_eastus_prod-s01-056-nam-eastus", "migrationStage":"NotStarted", "server":"akswtt00300002w"}}
{"logTime": "0123/155815", "correlationVector":"rCuoegRgBhDFPoEKMzz3Qp.2","action":"Commit Response", "result":"Success", "context":Result: Success. cV=rCuoegRgBhDFPoEKMzz3Qp.0;server=akswtt00300002w;cloudType=Consumer;environment=Prod_eastus_prod-s01-056-nam-eastus;migrationStage=NotStarted}
{"logTime": "0123/155927", "correlationVector":"jcBQ28GjQBdknSD7kXLFHM","action":"Commit Request", "result":"", "context":Item count: 12
Contributing types: Sessions, History}
{"logTime": "0123/155928", "correlationVector":"jcBQ28GjQBdknSD7kXLFHM.1","action":"SyncServerConnectionManagerRequest", "result":"SYNC_SERVER_OK", "context":{"environment":"Prod_eastus_prod-s01-056-nam-eastus", "migrationStage":"NotStarted", "server":"akswtt00300000i"}}
{"logTime": "0123/155928", "correlationVector":"jcBQ28GjQBdknSD7kXLFHM.2","action":"Commit Response", "result":"Success", "context":Result: Success. cV=jcBQ28GjQBdknSD7kXLFHM.0;server=akswtt00300000i;cloudType=Consumer;environment=Prod_eastus_prod-s01-056-nam-eastus;migrationStage=NotStarted}
{"logTime": "0123/160033", "correlationVector":"c86/GH/qmznmZVlK5E9Ham","action":"Normal GetUpdate request", "result":"", "context":cV=c86/GH/qmznmZVlK5E9Ham
Nudged types: Sessions, History
Notified types: History}
{"logTime": "0123/160033", "correlationVector":"c86/GH/qmznmZVlK5E9Ham.1","action":"SyncServerConnectionManagerRequest", "result":"SYNC_SERVER_OK", "context":{"environment":"Prod_eastus_prod-s01-056-nam-eastus", "migrationStage":"NotStarted", "server":"akswtt003000044"}}
{"logTime": "0123/160033", "correlationVector":"c86/GH/qmznmZVlK5E9Ham.2","action":"GetUpdates", "result":"DeleteReceived", "context":{"id":"fbcc85fd-6a6d-40dc-a6d4-3776925b8be6", "isDeleted:":"true", "version":"1737647837453"}}
{"logTime": "0123/160033", "correlationVector":"c86/GH/qmznmZVlK5E9Ham.3","action":"GetUpdates", "result":"DeleteReceived", "context":{"id":"e17ec7e4-6573-42c1-bbc1-85576e8f38cc", "isDeleted:":"true", "version":"1737648032132"}}
{"logTime": "0123/160033", "correlationVector":"c86/GH/qmznmZVlK5E9Ham.4","action":"GetUpdates Response", "result":"Success", "context":Received 60 update(s). cV=c86/GH/qmznmZVlK5E9Ham.0;server=akswtt003000044;cloudType=Consumer;environment=Prod_eastus_prod-s01-056-nam-eastus;migrationStage=NotStarted}
{"logTime": "0123/160033", "correlationVector":"rQ5mKeqsXeNfHVpJQo55yW","action":"Commit Request", "result":"", "context":Item count: 8
Contributing types: Sessions, History}
{"logTime": "0123/160034", "correlationVector":"rQ5mKeqsXeNfHVpJQo55yW.1","action":"SyncServerConnectionManagerRequest", "result":"SYNC_SERVER_OK", "context":{"environment":"Prod_eastus_prod-s01-056-nam-eastus", "migrationStage":"NotStarted", "server":"akswtt003000048"}}
{"logTime": "0123/160034", "correlationVector":"rQ5mKeqsXeNfHVpJQo55yW.2","action":"Commit Response", "result":"Success", "context":Result: Success. cV=rQ5mKeqsXeNfHVpJQo55yW.0;server=akswtt003000048;cloudType=Consumer;environment=Prod_eastus_prod-s01-056-nam-eastus;migrationStage=NotStarted}
{"logTime": "0123/160134", "correlationVector":"1Z+pAWur3EEkKxu6l4xIr7","action":"Commit Request", "result":"", "context":Item count: 6
Contributing types: Sessions, History}
{"logTime": "0123/160134", "correlationVector":"1Z+pAWur3EEkKxu6l4xIr7.1","action":"SyncServerConnectionManagerRequest", "result":"SYNC_SERVER_OK", "context":{"environment":"Prod_eastus_prod-s01-056-nam-eastus", "migrationStage":"NotStarted", "server":"akswtt00300003h"}}
{"logTime": "0123/160134", "correlationVector":"1Z+pAWur3EEkKxu6l4xIr7.2","action":"Commit Response", "result":"Success", "context":Result: Success. cV=1Z+pAWur3EEkKxu6l4xIr7.0;server=akswtt00300003h;cloudType=Consumer;environment=Prod_eastus_prod-s01-056-nam-eastus;migrationStage=NotStarted}
{"logTime": "0123/160137", "correlationVector":"gfMvH1HH5w0B1F8FXZNmjd","action":"Normal GetUpdate request", "result":"", "context":cV=gfMvH1HH5w0B1F8FXZNmjd
Notified types: History}
{"logTime": "0123/160138", "correlationVector":"gfMvH1HH5w0B1F8FXZNmjd.1","action":"SyncServerConnectionManagerRequest", "result":"SYNC_SERVER_OK", "context":{"environment":"Prod_eastus_prod-s01-056-nam-eastus", "migrationStage":"NotStarted", "server":"akswtt00300000u"}}
{"logTime": "0123/160138", "correlationVector":"gfMvH1HH5w0B1F8FXZNmjd.2","action":"GetUpdates Response", "result":"Success", "context":Received 34 update(s). cV=gfMvH1HH5w0B1F8FXZNmjd.0;server=akswtt00300000u;cloudType=Consumer;environment=Prod_eastus_prod-s01-056-nam-eastus;migrationStage=NotStarted}
{"logTime": "0123/181043", "correlationVector":"nICwXJx3bcVuW2v3sbzzcK.1","action":"SyncServerConnectionManagerRequest", "result":"SYNC_SERVER_OK", "context":{"environment":"Prod_eastus2_prod-s01-050-nam-eastus2", "migrationStage":"NotStarted", "server":"akswtt00300004g"}}
{"logTime": "0123/181045", "correlationVector":"5ZiwHqQmXCwkhM+2Y2GkI+","action":"SyncServerConnectionManagerRequest", "result":"SYNC_SERVER_OK", "context":{"environment":"", "migrationStage":"", "server":""}}
{"logTime": "0123/181045", "correlationVector":"nICwXJx3bcVuW2v3sbzzcK","action":"Initial GetUpdates", "result":"", "context":Reason: NEW_CLIENT. cV=nICwXJx3bcVuW2v3sbzzcK}
{"logTime": "0123/181045", "correlationVector":"nICwXJx3bcVuW2v3sbzzcK.2","action":"GetUpdates Response", "result":"Success", "context":Received 1 update(s). cV=nICwXJx3bcVuW2v3sbzzcK.0;server=akswtt00300004g;cloudType=Consumer;environment=Prod_eastus2_prod-s01-050-nam-eastus2;migrationStage=NotStarted}
{"logTime": "0123/181045", "correlationVector":"HY/szpkdoDfKPFZ3f6PfrB","action":"Initial GetUpdates", "result":"", "context":Reason: NEWLY_SUPPORTED_DATATYPE. cV=HY/szpkdoDfKPFZ3f6PfrB}
{"logTime": "0123/181045", "correlationVector":"HY/szpkdoDfKPFZ3f6PfrB.1","action":"SyncServerConnectionManagerRequest", "result":"SYNC_SERVER_OK", "context":{"environment":"Prod_eastus2_prod-s01-050-nam-eastus2", "migrationStage":"NotStarted", "server":"akswtt00300005g"}}
{"logTime": "0123/181045", "correlationVector":"HY/szpkdoDfKPFZ3f6PfrB.2","action":"GetUpdates", "result":"DeleteReceived", "context":{"id":"db5eef00-be5c-43ae-95d3-9fcc7fed98c7", "isDeleted:":"true", "version":"1709991671329"}}
{"logTime": "0123/181045", "correlationVector":"HY/szpkdoDfKPFZ3f6PfrB.3","action":"GetUpdates", "result":"DeleteReceived", "context":{"id":"93ffb732-77a9-43d3-9e4f-d9d79386edd4", "isDeleted:":"true", "version":"1709999567780"}}
{"logTime": "0123/181045", "correlationVector":"HY/szpkdoDfKPFZ3f6PfrB.4","action":"GetUpdates", "result":"DeleteReceived", "context":{"id":"b14076b3-3d44-4c75-aef5-b0f8c03d3b44", "isDeleted:":"true", "version":"1710772965947"}}
{"logTime": "0123/181045", "correlationVector":"HY/szpkdoDfKPFZ3f6PfrB.5","action":"GetUpdates", "result":"DeleteReceived", "context":{"id":"9ec86edc-d3a5-43aa-8239-97e98da5e90f", "isDeleted:":"true", "version":"1710776923403"}}
{"logTime": "0123/181045", "correlationVector":"HY/szpkdoDfKPFZ3f6PfrB.6","action":"GetUpdates", "result":"DeleteReceived", "context":{"id":"a54f01da-6db0-4152-84da-80be1a5dc9d0", "isDeleted:":"true", "version":"1710859594202"}}
{"logTime": "0123/181045", "correlationVector":"HY/szpkdoDfKPFZ3f6PfrB.7","action":"GetUpdates", "result":"DeleteReceived", "context":{"id":"e0a6729a-a95a-4f6b-95fa-1dde28c072f1", "isDeleted:":"true", "version":"1711644414931"}}
{"logTime": "0123/181045", "correlationVector":"HY/szpkdoDfKPFZ3f6PfrB.8","action":"GetUpdates", "result":"DeleteReceived", "context":{"id":"b1714e88-114a-4b75-ad67-99af091fc376", "isDeleted:":"true", "version":"1712767199971"}}
{"logTime": "0123/181045", "correlationVector":"HY/szpkdoDfKPFZ3f6PfrB.9","action":"GetUpdates", "result":"DeleteReceived", "context":{"id":"ac8f1fb7-f1c9-47ea-b81e-b6dfeaeca1e6", "isDeleted:":"true", "version":"1713191318385"}}
{"logTime": "0123/181045", "correlationVector":"HY/szpkdoDfKPFZ3f6PfrB.10","action":"GetUpdates", "result":"DeleteReceived", "context":{"id":"7d915f34-7902-48e7-aac5-38d3ba0f6510", "isDeleted:":"true", "version":"1715700879739"}}
{"logTime": "0123/181045", "correlationVector":"HY/szpkdoDfKPFZ3f6PfrB.11","action":"GetUpdates", "result":"DeleteReceived", "context":{"id":"bdc53b37-0a9f-45db-ad3c-bb5b2d294f91", "isDeleted:":"true", "version":"1716394419041"}}
{"logTime": "0123/181045", "correlationVector":"HY/szpkdoDfKPFZ3f6PfrB.12","action":"GetUpdates", "result":"DeleteReceived", "context":{"id":"80780df0-2055-4c71-b691-2f2e21faf815", "isDeleted:":"true", "version":"1736858665377"}}
{"logTime": "0123/181045", "correlationVector":"HY/szpkdoDfKPFZ3f6PfrB.13","action":"GetUpdates", "result":"DeleteReceived", "context":{"id":"0b8dfad0-75c4-4fb2-b0db-affd73268bb0", "isDeleted:":"true", "version":"1736985053022"}}
{"logTime": "0123/181045", "correlationVector":"HY/szpkdoDfKPFZ3f6PfrB.14","action":"GetUpdates", "result":"DeleteReceived", "context":{"id":"9b427a13-bc8c-4a79-8878-9f0b40274217", "isDeleted:":"true", "version":"1737038158591"}}
{"logTime": "0123/181045", "correlationVector":"HY/szpkdoDfKPFZ3f6PfrB.15","action":"GetUpdates Response", "result":"Success", "context":Received 81 update(s). cV=HY/szpkdoDfKPFZ3f6PfrB.0;server=akswtt00300005g;cloudType=Consumer;environment=Prod_eastus2_prod-s01-050-nam-eastus2;migrationStage=NotStarted}
{"logTime": "0123/181045", "correlationVector":"F/kEU87uYuTxSg2+bwypw/","action":"Normal GetUpdate request", "result":"", "context":cV=F/kEU87uYuTxSg2+bwypw/
Nudged types: Sessions, History
Refresh requested types: Bookmarks, Preferences, Passwords, Autofill Profiles, Autofill, Extensions, Sessions, Extension settings, History Delete Directives, Device Info, User Consents, Send Tab To Self, Web Apps, History, Collection, Edge E Drop, Edge Hub App Usage, Edge Tab Group, Edge Wallet, Encryption Keys}
{"logTime": "0123/181046", "correlationVector":"F/kEU87uYuTxSg2+bwypw/.1","action":"SyncServerConnectionManagerRequest", "result":"SYNC_SERVER_OK", "context":{"environment":"Prod_eastus2_prod-s01-050-nam-eastus2", "migrationStage":"NotStarted", "server":"akswtt00300004z"}}
{"logTime": "0123/181046", "correlationVector":"F/kEU87uYuTxSg2+bwypw/.2","action":"GetUpdates", "result":"DeleteReceived", "context":{"id":"90e9d654-df42-4847-8b42-c1c0f452d660", "isDeleted:":"true", "version":"1737648376227"}}
{"logTime": "0123/181046", "correlationVector":"F/kEU87uYuTxSg2+bwypw/.3","action":"GetUpdates", "result":"DeleteReceived", "context":{"id":"629190ee-1e24-4c05-b48e-1d4e1682e8fd", "isDeleted:":"true", "version":"1737648376228"}}
{"logTime": "0123/181046", "correlationVector":"F/kEU87uYuTxSg2+bwypw/.4","action":"GetUpdates", "result":"DeleteReceived", "context":{"id":"89eb2504-3d9e-43a4-821b-9ae2be8d8c9a", "isDeleted:":"true", "version":"1737648376229"}}
{"logTime": "0123/181046", "correlationVector":"F/kEU87uYuTxSg2+bwypw/.5","action":"GetUpdates", "result":"DeleteReceived", "context":{"id":"a260c272-7152-4f03-8979-71087457402e", "isDeleted:":"true", "version":"1737648376230"}}
{"logTime": "0123/181046", "correlationVector":"F/kEU87uYuTxSg2+bwypw/.6","action":"GetUpdates", "result":"DeleteReceived", "context":{"id":"75357bc9-5513-4804-a367-04b81d09e1c5", "isDeleted:":"true", "version":"1737648376231"}}
{"logTime": "0123/181046", "correlationVector":"F/kEU87uYuTxSg2+bwypw/.7","action":"GetUpdates", "result":"DeleteReceived", "context":{"id":"7062e54a-e5f6-4c86-9949-9e2f1de854e0", "isDeleted:":"true", "version":"1737648376232"}}
{"logTime": "0123/181046", "correlationVector":"F/kEU87uYuTxSg2+bwypw/.8","action":"GetUpdates", "result":"DeleteReceived", "context":{"id":"8ffb77f9-e40a-4ed4-9b93-3798a572dbc8", "isDeleted:":"true", "version":"1737648376233"}}
{"logTime": "0123/181046", "correlationVector":"F/kEU87uYuTxSg2+bwypw/.9","action":"GetUpdates", "result":"DeleteReceived", "context":{"id":"30644298-6092-4b5e-a294-fb40abe5540d", "isDeleted:":"true", "version":"1737648376234"}}
{"logTime": "0123/181046", "correlationVector":"F/kEU87uYuTxSg2+bwypw/.10","action":"GetUpdates", "result":"DeleteReceived", "context":{"id":"21a5cc38-5cf5-473b-8a44-c51edc38a2b4", "isDeleted:":"true", "version":"1737648376235"}}
{"logTime": "0123/181046", "correlationVector":"F/kEU87uYuTxSg2+bwypw/.11","action":"GetUpdates", "result":"DeleteReceived", "context":{"id":"2256faa5-321e-427d-98f3-668fa805b1f1", "isDeleted:":"true", "version":"1737648376236"}}
{"logTime": "0123/181046", "correlationVector":"F/kEU87uYuTxSg2+bwypw/.12","action":"GetUpdates", "result":"DeleteReceived", "context":{"id":"9b9060e7-a433-4b66-a0ac-207baccac2c7", "isDeleted:":"true", "version":"1737648376237"}}
{"logTime": "0123/181046", "correlationVector":"F/kEU87uYuTxSg2+bwypw/.13","action":"GetUpdates", "result":"DeleteReceived", "context":{"id":"cd90da24-4d82-4dcd-9bcd-9f11a017cb12", "isDeleted:":"true", "version":"1737648376238"}}
{"logTime": "0123/181046", "correlationVector":"F/kEU87uYuTxSg2+bwypw/.14","action":"GetUpdates", "result":"DeleteReceived", "context":{"id":"2cf73d88-b979-4495-bcd0-ae6dd74ca47d", "isDeleted:":"true", "version":"1737648376239"}}
{"logTime": "0123/181046", "correlationVector":"F/kEU87uYuTxSg2+bwypw/.15","action":"GetUpdates", "result":"DeleteReceived", "context":{"id":"b9d97125-4f28-4023-82ca-bd59f20e396b", "isDeleted:":"true", "version":"1737648376240"}}
{"logTime": "0123/181046", "correlationVector":"F/kEU87uYuTxSg2+bwypw/.16","action":"GetUpdates", "result":"DeleteReceived", "context":{"id":"998f2471-7386-4e98-b9ae-1cccd108c288", "isDeleted:":"true", "version":"1737648376241"}}
{"logTime": "0123/181046", "correlationVector":"F/kEU87uYuTxSg2+bwypw/.17","action":"GetUpdates", "result":"DeleteReceived", "context":{"id":"2dc91142-c555-43f0-a6b1-b58245a623b9", "isDeleted:":"true", "version":"1737648376243"}}
{"logTime": "0123/181046", "correlationVector":"F/kEU87uYuTxSg2+bwypw/.18","action":"GetUpdates", "result":"DeleteReceived", "context":{"id":"62f2698e-b14e-4e2c-bbd1-64ddbe724318", "isDeleted:":"true", "version":"1737648376244"}}
{"logTime": "0123/181046", "correlationVector":"F/kEU87uYuTxSg2+bwypw/.19","action":"GetUpdates", "result":"DeleteReceived", "context":{"id":"5bcebfce-4879-45a3-b2d1-c962f22c6c9e", "isDeleted:":"true", "version":"1737648376245"}}
{"logTime": "0123/181046", "correlationVector":"F/kEU87uYuTxSg2+bwypw/.20","action":"GetUpdates", "result":"DeleteReceived", "context":{"id":"dcedb6f8-814d-45fb-8b89-1c28f57f4d0f", "isDeleted:":"true", "version":"1737650423225"}}
{"logTime": "0123/181046", "correlationVector":"F/kEU87uYuTxSg2+bwypw/.21","action":"GetUpdates", "result":"DeleteReceived", "context":{"id":"f976552b-34a6-4517-bf2b-2f7bc3f50fe4", "isDeleted:":"true", "version":"1737651496002"}}
{"logTime": "0123/181046", "correlationVector":"F/kEU87uYuTxSg2+bwypw/.22","action":"GetUpdates", "result":"DeleteReceived", "context":{"id":"74a535ce-a338-4d43-8d05-7012b25839e6", "isDeleted:":"true", "version":"1737651696168"}}
{"logTime": "0123/181046", "correlationVector":"F/kEU87uYuTxSg2+bwypw/.23","action":"GetUpdates", "result":"DeleteReceived", "context":{"id":"63847b5a-aa80-465d-a877-3a2d0908a564", "isDeleted:":"true", "version":"1737652068300"}}
{"logTime": "0123/181046", "correlationVector":"F/kEU87uYuTxSg2+bwypw/.24","action":"GetUpdates", "result":"DeleteReceived", "context":{"id":"11cb9990-129a-4ba2-9e67-f7f50be7b730", "isDeleted:":"true", "version":"1737653967081"}}
{"logTime": "0123/181046", "correlationVector":"F/kEU87uYuTxSg2+bwypw/.25","action":"GetUpdates", "result":"DeleteReceived", "context":{"id":"2c68d02a-81f2-4aca-b5df-e0e8f287e6b2", "isDeleted:":"true", "version":"1737653982065"}}
{"logTime": "0123/181046", "correlationVector":"F/kEU87uYuTxSg2+bwypw/.26","action":"GetUpdates", "result":"DeleteReceived", "context":{"id":"ff0c0ed9-524d-43dc-a6e4-287c08e1ca60", "isDeleted:":"true", "version":"1737654002223"}}
{"logTime": "0123/181046", "correlationVector":"F/kEU87uYuTxSg2+bwypw/.27","action":"GetUpdates", "result":"DeleteReceived", "context":{"id":"3f44b8f0-488e-4392-bd3a-01fe473d996b", "isDeleted:":"true", "version":"1737654002227"}}
{"logTime": "0123/181046", "correlationVector":"F/kEU87uYuTxSg2+bwypw/.28","action":"GetUpdates", "result":"DeleteReceived", "context":{"id":"03a4b398-4073-4021-a019-53bc2d10c0f2", "isDeleted:":"true", "version":"1737654072059"}}
{"logTime": "0123/181046", "correlationVector":"F/kEU87uYuTxSg2+bwypw/.29","action":"GetUpdates Response", "result":"Success", "context":Received 151 update(s). cV=F/kEU87uYuTxSg2+bwypw/.0;server=akswtt00300004z;cloudType=Consumer;environment=Prod_eastus2_prod-s01-050-nam-eastus2;migrationStage=NotStarted}
{"logTime": "0123/181046", "correlationVector":"l86cIDS/GjcNa1mjC0Lykz","action":"Commit Request", "result":"", "context":Item count: 6
Contributing types: Sessions, History}
{"logTime": "0123/181046", "correlationVector":"l86cIDS/GjcNa1mjC0Lykz.1","action":"SyncServerConnectionManagerRequest", "result":"SYNC_SERVER_OK", "context":{"environment":"Prod_eastus2_prod-s01-050-nam-eastus2", "migrationStage":"NotStarted", "server":"akswtt003000067"}}
{"logTime": "0123/181046", "correlationVector":"l86cIDS/GjcNa1mjC0Lykz.3","action":"Commit.Sessions", "result":"Success", "context":{"id":"ace784b8-1584-444a-8087-9b5f71676f7a", "isDeleted":"true", "size":"0", "version":"1737648095127"}}
{"logTime": "0123/181046", "correlationVector":"l86cIDS/GjcNa1mjC0Lykz.2","action":"Commit Response", "result":"Success", "context":Result: Success. cV=l86cIDS/GjcNa1mjC0Lykz.0;server=akswtt003000067;cloudType=Consumer;environment=Prod_eastus2_prod-s01-050-nam-eastus2;migrationStage=NotStarted}
{"logTime": "0123/181048", "correlationVector":"LWEsUJ5N+K7GbEGPVNN3UD","action":"Normal GetUpdate request", "result":"", "context":cV=LWEsUJ5N+K7GbEGPVNN3UD
Nudged types: Sessions, History
Notified types: History}
{"logTime": "0123/181049", "correlationVector":"LWEsUJ5N+K7GbEGPVNN3UD.1","action":"SyncServerConnectionManagerRequest", "result":"SYNC_SERVER_OK", "context":{"environment":"Prod_eastus2_prod-s01-050-nam-eastus2", "migrationStage":"NotStarted", "server":"akswtt003000058"}}
{"logTime": "0123/181049", "correlationVector":"LWEsUJ5N+K7GbEGPVNN3UD.2","action":"GetUpdates", "result":"DeleteReceived", "context":{"id":"ace784b8-1584-444a-8087-9b5f71676f7a", "isDeleted:":"true", "version":"1737655846198"}}
{"logTime": "0123/181049", "correlationVector":"LWEsUJ5N+K7GbEGPVNN3UD.3","action":"GetUpdates", "result":"DeleteReceived", "context":{"id":"21756a78-75bb-40aa-8d0c-de2ed258c538", "isDeleted:":"true", "version":"1737655847573"}}
{"logTime": "0123/181049", "correlationVector":"LWEsUJ5N+K7GbEGPVNN3UD.4","action":"GetUpdates", "result":"DeleteReceived", "context":{"id":"826f1f0d-33b0-4605-82f0-eea8b729e8bf", "isDeleted:":"true", "version":"1737655847577"}}
{"logTime": "0123/181049", "correlationVector":"LWEsUJ5N+K7GbEGPVNN3UD.5","action":"GetUpdates Response", "result":"Success", "context":Received 27 update(s). cV=LWEsUJ5N+K7GbEGPVNN3UD.0;server=akswtt003000058;cloudType=Consumer;environment=Prod_eastus2_prod-s01-050-nam-eastus2;migrationStage=NotStarted}
{"logTime": "0123/181253", "correlationVector":"zELLnU4rS90jP3R7158+8W.1","action":"SyncServerConnectionManagerRequest", "result":"SYNC_SERVER_OK", "context":{"environment":"Prod_eastus2_prod-s01-050-nam-eastus2", "migrationStage":"NotStarted", "server":"akswtt0030000a8"}}
{"logTime": "0123/181254", "correlationVector":"ohg67tCUD7iHh28s5iHZ3J","action":"SyncServerConnectionManagerRequest", "result":"SYNC_SERVER_OK", "context":{"environment":"", "migrationStage":"", "server":""}}
{"logTime": "0123/181254", "correlationVector":"zELLnU4rS90jP3R7158+8W","action":"Initial GetUpdates", "result":"", "context":Reason: NEW_CLIENT. cV=zELLnU4rS90jP3R7158+8W}
{"logTime": "0123/181254", "correlationVector":"zELLnU4rS90jP3R7158+8W.2","action":"GetUpdates Response", "result":"Success", "context":Received 1 update(s). cV=zELLnU4rS90jP3R7158+8W.0;server=akswtt0030000a8;cloudType=Consumer;environment=Prod_eastus2_prod-s01-050-nam-eastus2;migrationStage=NotStarted}
{"logTime": "0123/181254", "correlationVector":"tEviQi/W9pCX0PPU7XxPvh","action":"Initial GetUpdates", "result":"", "context":Reason: NEWLY_SUPPORTED_DATATYPE. cV=tEviQi/W9pCX0PPU7XxPvh}
{"logTime": "0123/181255", "correlationVector":"tEviQi/W9pCX0PPU7XxPvh.1","action":"SyncServerConnectionManagerRequest", "result":"SYNC_SERVER_OK", "context":{"environment":"Prod_eastus2_prod-s01-050-nam-eastus2", "migrationStage":"NotStarted", "server":"akswtt00300006f"}}
{"logTime": "0123/181255", "correlationVector":"tEviQi/W9pCX0PPU7XxPvh.2","action":"GetUpdates", "result":"DeleteReceived", "context":{"id":"db5eef00-be5c-43ae-95d3-9fcc7fed98c7", "isDeleted:":"true", "version":"1709991671329"}}
{"logTime": "0123/181255", "correlationVector":"tEviQi/W9pCX0PPU7XxPvh.3","action":"GetUpdates", "result":"DeleteReceived", "context":{"id":"93ffb732-77a9-43d3-9e4f-d9d79386edd4", "isDeleted:":"true", "version":"1709999567780"}}
{"logTime": "0123/181255", "correlationVector":"tEviQi/W9pCX0PPU7XxPvh.4","action":"GetUpdates", "result":"DeleteReceived", "context":{"id":"b14076b3-3d44-4c75-aef5-b0f8c03d3b44", "isDeleted:":"true", "version":"1710772965947"}}
{"logTime": "0123/181255", "correlationVector":"tEviQi/W9pCX0PPU7XxPvh.5","action":"GetUpdates", "result":"DeleteReceived", "context":{"id":"9ec86edc-d3a5-43aa-8239-97e98da5e90f", "isDeleted:":"true", "version":"1710776923403"}}
{"logTime": "0123/181255", "correlationVector":"tEviQi/W9pCX0PPU7XxPvh.6","action":"GetUpdates", "result":"DeleteReceived", "context":{"id":"a54f01da-6db0-4152-84da-80be1a5dc9d0", "isDeleted:":"true", "version":"1710859594202"}}
{"logTime": "0123/181255", "correlationVector":"tEviQi/W9pCX0PPU7XxPvh.7","action":"GetUpdates", "result":"DeleteReceived", "context":{"id":"e0a6729a-a95a-4f6b-95fa-1dde28c072f1", "isDeleted:":"true", "version":"1711644414931"}}
{"logTime": "0123/181255", "correlationVector":"tEviQi/W9pCX0PPU7XxPvh.8","action":"GetUpdates", "result":"DeleteReceived", "context":{"id":"b1714e88-114a-4b75-ad67-99af091fc376", "isDeleted:":"true", "version":"1712767199971"}}
{"logTime": "0123/181255", "correlationVector":"tEviQi/W9pCX0PPU7XxPvh.9","action":"GetUpdates", "result":"DeleteReceived", "context":{"id":"ac8f1fb7-f1c9-47ea-b81e-b6dfeaeca1e6", "isDeleted:":"true", "version":"1713191318385"}}
{"logTime": "0123/181255", "correlationVector":"tEviQi/W9pCX0PPU7XxPvh.10","action":"GetUpdates", "result":"DeleteReceived", "context":{"id":"7d915f34-7902-48e7-aac5-38d3ba0f6510", "isDeleted:":"true", "version":"1715700879739"}}
{"logTime": "0123/181255", "correlationVector":"tEviQi/W9pCX0PPU7XxPvh.11","action":"GetUpdates", "result":"DeleteReceived", "context":{"id":"bdc53b37-0a9f-45db-ad3c-bb5b2d294f91", "isDeleted:":"true", "version":"1716394419041"}}
{"logTime": "0123/181255", "correlationVector":"tEviQi/W9pCX0PPU7XxPvh.12","action":"GetUpdates", "result":"DeleteReceived", "context":{"id":"80780df0-2055-4c71-b691-2f2e21faf815", "isDeleted:":"true", "version":"1736858665377"}}
{"logTime": "0123/181255", "correlationVector":"tEviQi/W9pCX0PPU7XxPvh.13","action":"GetUpdates", "result":"DeleteReceived", "context":{"id":"0b8dfad0-75c4-4fb2-b0db-affd73268bb0", "isDeleted:":"true", "version":"1736985053022"}}
{"logTime": "0123/181255", "correlationVector":"tEviQi/W9pCX0PPU7XxPvh.14","action":"GetUpdates", "result":"DeleteReceived", "context":{"id":"9b427a13-bc8c-4a79-8878-9f0b40274217", "isDeleted:":"true", "version":"1737038158591"}}
{"logTime": "0123/181255", "correlationVector":"tEviQi/W9pCX0PPU7XxPvh.15","action":"GetUpdates Response", "result":"Success", "context":Received 81 update(s). cV=tEviQi/W9pCX0PPU7XxPvh.0;server=akswtt00300006f;cloudType=Consumer;environment=Prod_eastus2_prod-s01-050-nam-eastus2;migrationStage=NotStarted}
{"logTime": "0123/181255", "correlationVector":"mw2elqZ/RBy+4rkjR3GDlc","action":"Normal GetUpdate request", "result":"", "context":cV=mw2elqZ/RBy+4rkjR3GDlc
Nudged types: Sessions, History
Refresh requested types: Bookmarks, Preferences, Passwords, Autofill Profiles, Autofill, Extensions, Sessions, Extension settings, History Delete Directives, Device Info, User Consents, Send Tab To Self, Web Apps, History, Collection, Edge E Drop, Edge Hub App Usage, Edge Tab Group, Edge Wallet, Encryption Keys}
{"logTime": "0123/181255", "correlationVector":"mw2elqZ/RBy+4rkjR3GDlc.1","action":"SyncServerConnectionManagerRequest", "result":"SYNC_SERVER_OK", "context":{"environment":"Prod_eastus2_prod-s01-050-nam-eastus2", "migrationStage":"NotStarted", "server":"akswtt003000062"}}
{"logTime": "0123/181255", "correlationVector":"mw2elqZ/RBy+4rkjR3GDlc.2","action":"GetUpdates", "result":"DeleteReceived", "context":{"id":"0dff933d-20c7-41a1-9e13-4502cd7fd8b1", "isDeleted:":"true", "version":"1737655932552"}}
{"logTime": "0123/181255", "correlationVector":"mw2elqZ/RBy+4rkjR3GDlc.3","action":"GetUpdates", "result":"DeleteReceived", "context":{"id":"a22c72fe-4cd9-44e4-b828-8a8e627b3b2d", "isDeleted:":"true", "version":"1737655932558"}}
{"logTime": "0123/181255", "correlationVector":"mw2elqZ/RBy+4rkjR3GDlc.4","action":"GetUpdates Response", "result":"Success", "context":Received 13 update(s). cV=mw2elqZ/RBy+4rkjR3GDlc.0;server=akswtt003000062;cloudType=Consumer;environment=Prod_eastus2_prod-s01-050-nam-eastus2;migrationStage=NotStarted}
{"logTime": "0123/181255", "correlationVector":"/hn7b42vFr60QpI3fDx9PY","action":"Commit Request", "result":"", "context":Item count: 15
Contributing types: Sessions, History}
{"logTime": "0123/181256", "correlationVector":"/hn7b42vFr60QpI3fDx9PY.1","action":"SyncServerConnectionManagerRequest", "result":"SYNC_SERVER_OK", "context":{"environment":"Prod_eastus2_prod-s01-050-nam-eastus2", "migrationStage":"NotStarted", "server":"akswtt0030000bh"}}
{"logTime": "0123/181256", "correlationVector":"/hn7b42vFr60QpI3fDx9PY.2","action":"Commit Response", "result":"Success", "context":Result: Success. cV=/hn7b42vFr60QpI3fDx9PY.0;server=akswtt0030000bh;cloudType=Consumer;environment=Prod_eastus2_prod-s01-050-nam-eastus2;migrationStage=NotStarted}
{"logTime": "0123/181258", "correlationVector":"Nc4QthLxduuIv0I7qMHXbc","action":"Normal GetUpdate request", "result":"", "context":cV=Nc4QthLxduuIv0I7qMHXbc
Nudged types: Sessions, History
Notified types: History}
{"logTime": "0123/181258", "correlationVector":"Nc4QthLxduuIv0I7qMHXbc.1","action":"SyncServerConnectionManagerRequest", "result":"SYNC_SERVER_OK", "context":{"environment":"Prod_eastus2_prod-s01-050-nam-eastus2", "migrationStage":"NotStarted", "server":"akswtt0030000a8"}}
{"logTime": "0123/181258", "correlationVector":"Nc4QthLxduuIv0I7qMHXbc.2","action":"GetUpdates Response", "result":"Success", "context":Received 22 update(s). cV=Nc4QthLxduuIv0I7qMHXbc.0;server=akswtt0030000a8;cloudType=Consumer;environment=Prod_eastus2_prod-s01-050-nam-eastus2;migrationStage=NotStarted}
{"logTime": "0123/181258", "correlationVector":"AaeMJ1lrgLmTvMCUZFRPuE","action":"Commit Request", "result":"", "context":Item count: 4
Contributing types: Sessions, History}
{"logTime": "0123/181259", "correlationVector":"AaeMJ1lrgLmTvMCUZFRPuE.1","action":"SyncServerConnectionManagerRequest", "result":"SYNC_SERVER_OK", "context":{"environment":"Prod_eastus2_prod-s01-050-nam-eastus2", "migrationStage":"NotStarted", "server":"akswtt00300005y"}}
{"logTime": "0123/181259", "correlationVector":"AaeMJ1lrgLmTvMCUZFRPuE.3","action":"Commit.Sessions", "result":"Success", "context":{"id":"1a9e3c00-8380-4fc5-bafa-5f9aa6213a63", "isDeleted":"true", "size":"0", "version":"1737655975884"}}
{"logTime": "0123/181259", "correlationVector":"AaeMJ1lrgLmTvMCUZFRPuE.2","action":"Commit Response", "result":"Success", "context":Result: Success. cV=AaeMJ1lrgLmTvMCUZFRPuE.0;server=akswtt00300005y;cloudType=Consumer;environment=Prod_eastus2_prod-s01-050-nam-eastus2;migrationStage=NotStarted}
{"logTime": "0123/181350", "correlationVector":"PsPXpIu+qwfhBhTL84ompt","action":"Commit Request", "result":"", "context":Item count: 7
Contributing types: Preferences, Sessions, History}
{"logTime": "0123/181351", "correlationVector":"PsPXpIu+qwfhBhTL84ompt.1","action":"SyncServerConnectionManagerRequest", "result":"SYNC_SERVER_OK", "context":{"environment":"Prod_eastus2_prod-s01-050-nam-eastus2", "migrationStage":"NotStarted", "server":"akswtt00300006f"}}
{"logTime": "0123/181351", "correlationVector":"PsPXpIu+qwfhBhTL84ompt.2","action":"Commit Response", "result":"Success", "context":Result: Success. cV=PsPXpIu+qwfhBhTL84ompt.0;server=akswtt00300006f;cloudType=Consumer;environment=Prod_eastus2_prod-s01-050-nam-eastus2;migrationStage=NotStarted}
{"logTime": "0123/181353", "correlationVector":"dW7gehoO/5LjFGOtRJeem+","action":"Commit Request", "result":"", "context":Item count: 1
Contributing types: Preferences}
{"logTime": "0123/181353", "correlationVector":"dW7gehoO/5LjFGOtRJeem+.1","action":"SyncServerConnectionManagerRequest", "result":"SYNC_SERVER_OK", "context":{"environment":"Prod_eastus2_prod-s01-050-nam-eastus2", "migrationStage":"NotStarted", "server":"akswtt0030000bh"}}
{"logTime": "0123/181353", "correlationVector":"dW7gehoO/5LjFGOtRJeem+.3","action":"Commit.Preferences", "result":"Success", "context":{"id":"57159e3a-63cf-4415-94e8-292c55ece3b1", "isDeleted":"true", "size":"0", "version":"1737656030753"}}
{"logTime": "0123/181353", "correlationVector":"dW7gehoO/5LjFGOtRJeem+.2","action":"Commit Response", "result":"Success", "context":Result: Success. cV=dW7gehoO/5LjFGOtRJeem+.0;server=akswtt0030000bh;cloudType=Consumer;environment=Prod_eastus2_prod-s01-050-nam-eastus2;migrationStage=NotStarted}
