2025-01-23 15:47:15.162: [INFO][Sync] Reset engine, reason: 8
2025-01-23 15:47:15.162: [INFO][Sync] Stopped: Bookmarks
2025-01-23 15:47:15.162: [INFO][Sync] Stopped: Preferences
2025-01-23 15:47:15.162: [INFO][Sync] Stopped: Passwords
2025-01-23 15:47:15.162: [INFO][Sync] Stopped: Autofill Profiles
2025-01-23 15:47:15.162: [INFO][Sync] Stopped: Autofill
2025-01-23 15:47:15.162: [INFO][Sync] Stopped: Typed URLs
2025-01-23 15:47:15.162: [INFO][Sync] Stopped: Extensions
2025-01-23 15:47:15.162: [INFO][Sync] Stopped: Sessions
2025-01-23 15:47:15.162: [INFO][Sync] Stopped: Extension settings
2025-01-23 15:47:15.162: [INFO][Sync] Stopped: History Delete Directives
2025-01-23 15:47:15.162: [INFO][Sync] Stopped: Device Info
2025-01-23 15:47:15.162: [INFO][Sync] Stopped: User Consents
2025-01-23 15:47:15.162: [INFO][Sync] Stopped: Send Tab To Self
2025-01-23 15:47:15.162: [INFO][Sync] Stopped: Web Apps
2025-01-23 15:47:15.162: [INFO][Sync] Stopped: History
2025-01-23 15:47:15.162: [INFO][Sync] Stopped: Collection
2025-01-23 15:47:15.162: [INFO][Sync] Stopped: Edge E Drop
2025-01-23 15:47:15.162: [INFO][Sync] Stopped: Edge Hub App Usage
2025-01-23 15:47:15.162: [INFO][Sync] Stopped: Edge Tab Group
2025-01-23 15:47:15.162: [INFO][Sync] Stopped: Edge Wallet
2025-01-23 15:47:15.163: [INFO][Sync] SyncState after authenticated was: NotSignedIn
2025-01-23 15:47:15.517: [INFO][Sync] Reset engine, reason: 8
2025-01-23 15:47:15.517: [INFO][Sync] Stopped: Bookmarks
2025-01-23 15:47:15.517: [INFO][Sync] Stopped: Preferences
2025-01-23 15:47:15.517: [INFO][Sync] Stopped: Passwords
2025-01-23 15:47:15.517: [INFO][Sync] Stopped: Autofill Profiles
2025-01-23 15:47:15.517: [INFO][Sync] Stopped: Autofill
2025-01-23 15:47:15.517: [INFO][Sync] Stopped: Typed URLs
2025-01-23 15:47:15.517: [INFO][Sync] Stopped: Extensions
2025-01-23 15:47:15.517: [INFO][Sync] Stopped: Sessions
2025-01-23 15:47:15.517: [INFO][Sync] Stopped: Extension settings
2025-01-23 15:47:15.518: [INFO][Sync] Stopped: History Delete Directives
2025-01-23 15:47:15.518: [INFO][Sync] Stopped: Device Info
2025-01-23 15:47:15.518: [INFO][Sync] Stopped: User Consents
2025-01-23 15:47:15.518: [INFO][Sync] Stopped: Send Tab To Self
2025-01-23 15:47:15.518: [INFO][Sync] Stopped: Web Apps
2025-01-23 15:47:15.518: [INFO][Sync] Stopped: History
2025-01-23 15:47:15.518: [INFO][Sync] Stopped: Collection
2025-01-23 15:47:15.518: [INFO][Sync] Stopped: Edge E Drop
2025-01-23 15:47:15.518: [INFO][Sync] Stopped: Edge Hub App Usage
2025-01-23 15:47:15.518: [INFO][Sync] Stopped: Edge Tab Group
2025-01-23 15:47:15.518: [INFO][Sync] Stopped: Edge Wallet
2025-01-23 15:47:16.146: [INFO][Sync] Try to start sync engine
2025-01-23 15:47:16.148: [INFO][SyncManagerImpl::NudgeForInitialDownload] Initial download nudge for Encryption Keys
2025-01-23 15:47:16.148: [INFO][SyncEngineBackend::LoadAndConnectNigoriController] Load and connect Nigori controller
2025-01-23 15:47:16.148: [INFO][SyncEngineBackend::DoInitialize] Control Types added: Encryption Keys
2025-01-23 15:47:16.148: [INFO][SyncManagerImpl::ConfigureSyncer] Types to download: Encryption Keys with reason: 3
2025-01-23 15:47:16.148: [INFO][SyncSchedulerImpl::DoConfigurationSyncCycleJob] Configure job was blocked
2025-01-23 15:47:16.507: [INFO][SyncAuthManager::SetLastAuthError] Current auth error: None
2025-01-23 15:47:16.507: [INFO][SyncAuthManager::EdgeLogTokenErrorState] Token error with: None for account type: MSA
2025-01-23 15:47:16.507: [INFO][Sync] Credentials changed for: EdgeSyncScopeNew
2025-01-23 15:47:18.121: [INFO][SyncAuthManager::SetLastAuthError] Current auth error: None
2025-01-23 15:47:18.121: [INFO][SyncAuthManager::EdgeLogTokenErrorState] Token error with: None for account type: MSA
2025-01-23 15:47:18.121: [INFO][Sync] Credentials changed for: EdgeSyncKeyDataScope
2025-01-23 15:47:18.121: [INFO][SyncEngineBackend::DoUpdateKeyDataCredentials] Update key data credentials
2025-01-23 15:47:18.121: [INFO][SyncEngineBackend::DoUpdateCredentials] Update credentials
2025-01-23 15:47:18.121: [INFO][SyncSchedulerImpl::DoConfigurationSyncCycleJob] Blocked types:  and types to download: Encryption Keys
2025-01-23 15:47:18.813: [INFO][Sync] Started DataTypeManager configuration, reason: 4
2025-01-23 15:47:18.813: [INFO][Sync] Configuring for: Bookmarks, Preferences, Passwords, Autofill Profiles, Autofill, Typed URLs, Extensions, Sessions, Extension settings, History Delete Directives, Device Info, User Consents, Send Tab To Self, Web Apps, History, Collection, Edge E Drop, Edge Hub App Usage, Edge Tab Group, Edge Wallet, Encryption Keys, reason: 3, current state: 0
2025-01-23 15:47:18.815: [INFO][Sync] Configure, desired: Bookmarks, Preferences, Typed URLs, Extensions, Sessions, Extension settings, History Delete Directives, Device Info, User Consents, Send Tab To Self, Web Apps, History, Collection, Edge E Drop, Edge Hub App Usage, Edge Tab Group, Edge Wallet, Encryption Keys; Allow fail: Passwords, Autofill Profiles, Autofill
2025-01-23 15:47:18.815: [INFO][Sync] Loading: Bookmarks
2025-01-23 15:47:18.815: [INFO][Sync] Loading: Preferences
2025-01-23 15:47:18.815: [INFO][Sync] Loading: Typed URLs
2025-01-23 15:47:18.815: [INFO][Sync] Loading: Extensions
2025-01-23 15:47:18.815: [INFO][Sync] Loading: Sessions
2025-01-23 15:47:18.815: [INFO][Sync] Loading: Extension settings
2025-01-23 15:47:18.815: [INFO][Sync] Loading: History Delete Directives
2025-01-23 15:47:18.815: [INFO][Sync] Loading: Device Info
2025-01-23 15:47:18.815: [INFO][Sync] Loading: User Consents
2025-01-23 15:47:18.815: [INFO][Sync] Loading: Send Tab To Self
2025-01-23 15:47:18.815: [INFO][Sync] Loading: Web Apps
2025-01-23 15:47:18.815: [INFO][Sync] Loading: History
2025-01-23 15:47:18.815: [INFO][Sync] Loading: Collection
2025-01-23 15:47:18.815: [INFO][Sync] Loading: Edge E Drop
2025-01-23 15:47:18.815: [INFO][Sync] Loading: Edge Hub App Usage
2025-01-23 15:47:18.815: [INFO][Sync] Loading: Edge Tab Group
2025-01-23 15:47:18.815: [INFO][Sync] Loading: Edge Wallet
2025-01-23 15:47:18.818: [INFO][Sync] All data types are ready for configure.
2025-01-23 15:47:19.336: [INFO][Sync] Started DataTypeManager configuration, reason: 5
2025-01-23 15:47:19.336: [INFO][Sync] Configuring for: Bookmarks, Preferences, Passwords, Autofill Profiles, Autofill, Typed URLs, Extensions, Sessions, Extension settings, History Delete Directives, Device Info, User Consents, Send Tab To Self, Web Apps, History, Collection, Edge E Drop, Edge Hub App Usage, Edge Tab Group, Edge Wallet, Encryption Keys, reason: 5, current state: 1
2025-01-23 15:47:19.337: [INFO][SyncEngineBackend::DoStartConfiguration] Start configuration
2025-01-23 15:47:19.337: [INFO][SyncManagerImpl::NudgeForInitialDownload] Initial download nudge for Bookmarks
2025-01-23 15:47:19.337: [INFO][SyncManagerImpl::NudgeForInitialDownload] Initial download nudge for Preferences
2025-01-23 15:47:19.337: [INFO][SyncManagerImpl::NudgeForInitialDownload] Initial download nudge for Typed URLs
2025-01-23 15:47:19.337: [INFO][SyncManagerImpl::NudgeForInitialDownload] Initial download nudge for Extensions
2025-01-23 15:47:19.337: [INFO][SyncManagerImpl::NudgeForInitialDownload] Initial download nudge for Sessions
2025-01-23 15:47:19.337: [INFO][SyncManagerImpl::NudgeForInitialDownload] Initial download nudge for Extension settings
2025-01-23 15:47:19.337: [INFO][SyncManagerImpl::NudgeForInitialDownload] Initial download nudge for History Delete Directives
2025-01-23 15:47:19.337: [INFO][SyncManagerImpl::NudgeForInitialDownload] Initial download nudge for Device Info
2025-01-23 15:47:19.337: [INFO][SyncManagerImpl::NudgeForInitialDownload] Initial download nudge for Send Tab To Self
2025-01-23 15:47:19.337: [INFO][SyncManagerImpl::NudgeForInitialDownload] Initial download nudge for Web Apps
2025-01-23 15:47:19.337: [INFO][SyncManagerImpl::NudgeForInitialDownload] Initial download nudge for History
2025-01-23 15:47:19.337: [INFO][SyncManagerImpl::NudgeForInitialDownload] Initial download nudge for Collection
2025-01-23 15:47:19.337: [INFO][SyncManagerImpl::NudgeForInitialDownload] Initial download nudge for Edge E Drop
2025-01-23 15:47:19.337: [INFO][SyncManagerImpl::NudgeForInitialDownload] Initial download nudge for Edge Hub App Usage
2025-01-23 15:47:19.337: [INFO][SyncManagerImpl::NudgeForInitialDownload] Initial download nudge for Edge Tab Group
2025-01-23 15:47:19.337: [INFO][SyncManagerImpl::NudgeForInitialDownload] Initial download nudge for Edge Wallet
2025-01-23 15:47:19.337: [INFO][SyncManagerImpl::ConfigureSyncer] Types to download:  with reason: 3
2025-01-23 15:47:19.337: [INFO][SyncEngineBackend::DoFinishConfigureDataTypes] Failed to download types:  and succeeded types: 
2025-01-23 15:47:19.338: [INFO][Sync] ConfigurationDone, failed: , succeeded: , remaining count: 4
2025-01-23 15:47:19.338: [WARN][Sync]     Reconfigure requested while configuration ongoing.
2025-01-23 15:47:19.338: [INFO][Sync] Configuring for: Bookmarks, Preferences, Passwords, Autofill Profiles, Autofill, Typed URLs, Extensions, Sessions, Extension settings, History Delete Directives, Device Info, User Consents, Send Tab To Self, Web Apps, History, Collection, Edge E Drop, Edge Hub App Usage, Edge Tab Group, Edge Wallet, Encryption Keys, reason: 5, current state: 2
2025-01-23 15:47:19.339: [INFO][Sync] Configure, desired: Bookmarks, Preferences, Passwords, Autofill Profiles, Autofill, Typed URLs, Extensions, Sessions, Extension settings, History Delete Directives, Device Info, User Consents, Send Tab To Self, Web Apps, History, Collection, Edge E Drop, Edge Hub App Usage, Edge Tab Group, Edge Wallet, Encryption Keys; Allow fail: 
2025-01-23 15:47:19.339: [INFO][Sync] Loading: Passwords
2025-01-23 15:47:19.339: [INFO][Sync] Loading: Autofill Profiles
2025-01-23 15:47:19.339: [INFO][Sync] Loading: Autofill
2025-01-23 15:47:19.339: [INFO][Sync] All data types are ready for configure.
2025-01-23 15:47:19.339: [INFO][SyncManagerImpl::NudgeForInitialDownload] Initial download nudge for Passwords
2025-01-23 15:47:19.339: [INFO][SyncManagerImpl::NudgeForInitialDownload] Initial download nudge for Autofill Profiles
2025-01-23 15:47:19.339: [INFO][SyncManagerImpl::NudgeForInitialDownload] Initial download nudge for Autofill
2025-01-23 15:47:19.339: [INFO][SyncManagerImpl::ConfigureSyncer] Types to download:  with reason: 5
2025-01-23 15:47:19.339: [INFO][SyncEngineBackend::DoFinishConfigureDataTypes] Failed to download types:  and succeeded types: 
2025-01-23 15:47:19.339: [INFO][Sync] ConfigurationDone, failed: , succeeded: , remaining count: 4
2025-01-23 15:47:19.339: [INFO][Sync] Prepare to configure types: Preferences, Passwords, Device Info, Send Tab To Self, Edge E Drop, Encryption Keys
2025-01-23 15:47:19.339: [INFO][SyncManagerImpl::ConfigureSyncer] Types to download: Preferences, Passwords, Device Info, Send Tab To Self, Edge E Drop, Encryption Keys with reason: 5
2025-01-23 15:47:19.339: [INFO][SyncSchedulerImpl::DoConfigurationSyncCycleJob] Blocked types:  and types to download: Preferences, Passwords, Device Info, Send Tab To Self, Edge E Drop, Encryption Keys
2025-01-23 15:47:20.254: [INFO][SyncEngineBackend::DoFinishConfigureDataTypes] Failed to download types:  and succeeded types: Preferences, Passwords, Device Info, Send Tab To Self, Edge E Drop, Encryption Keys
2025-01-23 15:47:20.256: [INFO][Sync] ConfigurationDone, failed: , succeeded: Preferences, Passwords, Device Info, Send Tab To Self, Edge E Drop, Encryption Keys, remaining count: 3
2025-01-23 15:47:20.256: [INFO][Sync] Prepare to configure types: Bookmarks, Encryption Keys
2025-01-23 15:47:20.257: [INFO][SyncManagerImpl::ConfigureSyncer] Types to download: Bookmarks, Encryption Keys with reason: 5
2025-01-23 15:47:20.257: [INFO][SyncSchedulerImpl::DoConfigurationSyncCycleJob] Blocked types:  and types to download: Bookmarks, Encryption Keys
2025-01-23 15:47:20.694: [INFO][SyncEngineBackend::DoFinishConfigureDataTypes] Failed to download types:  and succeeded types: Bookmarks, Encryption Keys
2025-01-23 15:47:20.699: [INFO][Sync] ConfigurationDone, failed: , succeeded: Bookmarks, Encryption Keys, remaining count: 2
2025-01-23 15:47:20.699: [INFO][Sync] Prepare to configure types: Autofill Profiles, Autofill, Typed URLs, Extensions, Sessions, Extension settings, History Delete Directives, Web Apps, Collection, Edge Hub App Usage, Edge Tab Group, Edge Wallet, Encryption Keys
2025-01-23 15:47:20.704: [INFO][SyncManagerImpl::ConfigureSyncer] Types to download: Autofill Profiles, Autofill, Typed URLs, Extensions, Sessions, Extension settings, History Delete Directives, Web Apps, Collection, Edge Hub App Usage, Edge Tab Group, Edge Wallet, Encryption Keys with reason: 5
2025-01-23 15:47:20.704: [INFO][SyncSchedulerImpl::DoConfigurationSyncCycleJob] Blocked types:  and types to download: Autofill Profiles, Autofill, Typed URLs, Extensions, Sessions, Extension settings, History Delete Directives, Web Apps, Collection, Edge Hub App Usage, Edge Tab Group, Edge Wallet, Encryption Keys
2025-01-23 15:47:37.407: [INFO][SyncEngineBackend::DoFinishConfigureDataTypes] Failed to download types:  and succeeded types: Autofill Profiles, Autofill, Typed URLs, Extensions, Sessions, Extension settings, History Delete Directives, Web Apps, Collection, Edge Hub App Usage, Edge Tab Group, Edge Wallet, Encryption Keys
2025-01-23 15:47:37.423: [INFO][Sync] ConfigurationDone, failed: , succeeded: Autofill Profiles, Autofill, Typed URLs, Extensions, Sessions, Extension settings, History Delete Directives, Web Apps, Collection, Edge Hub App Usage, Edge Tab Group, Edge Wallet, Encryption Keys, remaining count: 1
2025-01-23 15:47:37.424: [INFO][Sync] Prepare to configure types: History, Encryption Keys
2025-01-23 15:47:37.424: [INFO][SyncManagerImpl::ConfigureSyncer] Types to download: History, Encryption Keys with reason: 5
2025-01-23 15:47:37.424: [INFO][SyncSchedulerImpl::DoConfigurationSyncCycleJob] Blocked types:  and types to download: History, Encryption Keys
2025-01-23 15:47:54.364: [INFO][SyncEngineBackend::DoFinishConfigureDataTypes] Failed to download types:  and succeeded types: History, Encryption Keys
2025-01-23 15:47:54.376: [INFO][Sync] ConfigurationDone, failed: , succeeded: History, Encryption Keys, remaining count: 0
2025-01-23 15:47:54.382: [INFO][Sync]     Configuration completed, state: 7
2025-01-23 15:47:54.382: [INFO][Sync] Configured DataTypeManager: Ok
2025-01-23 15:47:54.388: [INFO][SyncEngineBackend::DoStartSyncing] Start syncing
2025-01-23 15:57:12.439: [INFO][Sync] SyncState after authenticated was: FeatureCanStart
2025-01-23 15:57:13.104: [INFO][Sync] Try to start sync engine
2025-01-23 15:57:13.106: [INFO][SyncManagerImpl::NudgeForInitialDownload] Initial download nudge for Encryption Keys
2025-01-23 15:57:13.106: [INFO][SyncEngineBackend::LoadAndConnectNigoriController] Load and connect Nigori controller
2025-01-23 15:57:13.106: [INFO][SyncEngineBackend::DoInitialize] Control Types added: Encryption Keys
2025-01-23 15:57:13.106: [INFO][SyncManagerImpl::ConfigureSyncer] Types to download: Encryption Keys with reason: 3
2025-01-23 15:57:13.106: [INFO][SyncSchedulerImpl::DoConfigurationSyncCycleJob] Configure job was blocked
2025-01-23 15:57:13.170: [INFO][SyncAuthManager::SetLastAuthError] Current auth error: None
2025-01-23 15:57:13.170: [INFO][SyncAuthManager::EdgeLogTokenErrorState] Token error with: None for account type: MSA
2025-01-23 15:57:13.170: [INFO][Sync] Credentials changed for: EdgeSyncScopeNew
2025-01-23 15:57:14.467: [INFO][SyncAuthManager::SetLastAuthError] Current auth error: None
2025-01-23 15:57:14.467: [INFO][SyncAuthManager::EdgeLogTokenErrorState] Token error with: None for account type: MSA
2025-01-23 15:57:14.467: [INFO][Sync] Credentials changed for: EdgeSyncKeyDataScope
2025-01-23 15:57:14.467: [INFO][SyncEngineBackend::DoUpdateKeyDataCredentials] Update key data credentials
2025-01-23 15:57:14.467: [INFO][SyncEngineBackend::DoUpdateCredentials] Update credentials
2025-01-23 15:57:14.468: [INFO][SyncSchedulerImpl::DoConfigurationSyncCycleJob] Blocked types:  and types to download: Encryption Keys
2025-01-23 15:57:14.933: [INFO][Sync] Started DataTypeManager configuration, reason: 4
2025-01-23 15:57:14.933: [INFO][Sync] Configuring for: Bookmarks, Preferences, Passwords, Autofill Profiles, Autofill, Extensions, Sessions, Extension settings, History Delete Directives, Device Info, User Consents, Send Tab To Self, Web Apps, History, Collection, Edge E Drop, Edge Hub App Usage, Edge Tab Group, Edge Wallet, Encryption Keys, reason: 4, current state: 0
2025-01-23 15:57:14.940: [INFO][Sync] Configure, desired: Bookmarks, Preferences, Extensions, Sessions, Extension settings, History Delete Directives, Device Info, User Consents, Send Tab To Self, Web Apps, History, Collection, Edge E Drop, Edge Hub App Usage, Edge Tab Group, Edge Wallet, Encryption Keys; Allow fail: Passwords, Autofill Profiles, Autofill
2025-01-23 15:57:14.940: [INFO][Sync] Loading: Bookmarks
2025-01-23 15:57:14.940: [INFO][Sync] Loading: Preferences
2025-01-23 15:57:14.940: [INFO][Sync] Loading: Extensions
2025-01-23 15:57:14.940: [INFO][Sync] Loading: Sessions
2025-01-23 15:57:14.940: [INFO][Sync] Loading: Extension settings
2025-01-23 15:57:14.940: [INFO][Sync] Loading: History Delete Directives
2025-01-23 15:57:14.940: [INFO][Sync] Loading: Device Info
2025-01-23 15:57:14.940: [INFO][Sync] Loading: User Consents
2025-01-23 15:57:14.940: [INFO][Sync] Loading: Send Tab To Self
2025-01-23 15:57:14.940: [INFO][Sync] Loading: Web Apps
2025-01-23 15:57:14.940: [INFO][Sync] Loading: History
2025-01-23 15:57:14.940: [INFO][Sync] Loading: Collection
2025-01-23 15:57:14.940: [INFO][Sync] Loading: Edge E Drop
2025-01-23 15:57:14.940: [INFO][Sync] Loading: Edge Hub App Usage
2025-01-23 15:57:14.940: [INFO][Sync] Loading: Edge Tab Group
2025-01-23 15:57:14.940: [INFO][Sync] Loading: Edge Wallet
2025-01-23 15:57:14.958: [INFO][Sync] All data types are ready for configure.
2025-01-23 15:57:15.463: [INFO][SyncEngineBackend::DoStartConfiguration] Start configuration
2025-01-23 15:57:15.464: [INFO][SyncManagerImpl::ConfigureSyncer] Types to download:  with reason: 4
2025-01-23 15:57:15.464: [INFO][SyncEngineBackend::DoFinishConfigureDataTypes] Failed to download types:  and succeeded types: 
2025-01-23 15:57:15.468: [INFO][Sync] Started DataTypeManager configuration, reason: 5
2025-01-23 15:57:15.468: [INFO][Sync] Configuring for: Bookmarks, Preferences, Passwords, Autofill Profiles, Autofill, Extensions, Sessions, Extension settings, History Delete Directives, Device Info, User Consents, Send Tab To Self, Web Apps, History, Collection, Edge E Drop, Edge Hub App Usage, Edge Tab Group, Edge Wallet, Encryption Keys, reason: 5, current state: 1
2025-01-23 15:57:15.480: [INFO][Sync] ConfigurationDone, failed: , succeeded: , remaining count: 4
2025-01-23 15:57:15.480: [WARN][Sync]     Reconfigure requested while configuration ongoing.
2025-01-23 15:57:15.480: [INFO][Sync] Configuring for: Bookmarks, Preferences, Passwords, Autofill Profiles, Autofill, Extensions, Sessions, Extension settings, History Delete Directives, Device Info, User Consents, Send Tab To Self, Web Apps, History, Collection, Edge E Drop, Edge Hub App Usage, Edge Tab Group, Edge Wallet, Encryption Keys, reason: 5, current state: 2
2025-01-23 15:57:15.480: [INFO][Sync] Configure, desired: Bookmarks, Preferences, Passwords, Autofill Profiles, Autofill, Extensions, Sessions, Extension settings, History Delete Directives, Device Info, User Consents, Send Tab To Self, Web Apps, History, Collection, Edge E Drop, Edge Hub App Usage, Edge Tab Group, Edge Wallet, Encryption Keys; Allow fail: 
2025-01-23 15:57:15.480: [INFO][Sync] Loading: Passwords
2025-01-23 15:57:15.480: [INFO][Sync] Loading: Autofill Profiles
2025-01-23 15:57:15.480: [INFO][Sync] Loading: Autofill
2025-01-23 15:57:15.481: [INFO][Sync] All data types are ready for configure.
2025-01-23 15:57:15.481: [INFO][SyncManagerImpl::NudgeForInitialDownload] Initial download nudge for Passwords
2025-01-23 15:57:15.481: [INFO][SyncManagerImpl::ConfigureSyncer] Types to download:  with reason: 5
2025-01-23 15:57:15.481: [INFO][SyncEngineBackend::DoFinishConfigureDataTypes] Failed to download types:  and succeeded types: 
2025-01-23 15:57:15.484: [INFO][Sync] ConfigurationDone, failed: , succeeded: , remaining count: 4
2025-01-23 15:57:15.484: [INFO][Sync] Prepare to configure types: Passwords, Encryption Keys
2025-01-23 15:57:15.484: [INFO][SyncManagerImpl::ConfigureSyncer] Types to download: Passwords, Encryption Keys with reason: 5
2025-01-23 15:57:15.484: [INFO][SyncSchedulerImpl::DoConfigurationSyncCycleJob] Blocked types:  and types to download: Passwords, Encryption Keys
2025-01-23 15:57:15.821: [INFO][SyncEngineBackend::DoFinishConfigureDataTypes] Failed to download types:  and succeeded types: Passwords, Encryption Keys
2025-01-23 15:57:15.832: [INFO][Sync] ConfigurationDone, failed: , succeeded: Passwords, Encryption Keys, remaining count: 3
2025-01-23 15:57:15.832: [INFO][SyncManagerImpl::ConfigureSyncer] Types to download:  with reason: 5
2025-01-23 15:57:15.832: [INFO][SyncEngineBackend::DoFinishConfigureDataTypes] Failed to download types:  and succeeded types: 
2025-01-23 15:57:15.833: [INFO][Sync] ConfigurationDone, failed: , succeeded: , remaining count: 2
2025-01-23 15:57:15.833: [INFO][SyncManagerImpl::ConfigureSyncer] Types to download:  with reason: 5
2025-01-23 15:57:15.833: [INFO][SyncEngineBackend::DoFinishConfigureDataTypes] Failed to download types:  and succeeded types: 
2025-01-23 15:57:15.835: [INFO][Sync] ConfigurationDone, failed: , succeeded: , remaining count: 1
2025-01-23 15:57:15.847: [INFO][SyncManagerImpl::ConfigureSyncer] Types to download:  with reason: 5
2025-01-23 15:57:15.847: [INFO][SyncEngineBackend::DoFinishConfigureDataTypes] Failed to download types:  and succeeded types: 
2025-01-23 15:57:15.848: [INFO][Sync] ConfigurationDone, failed: , succeeded: , remaining count: 0
2025-01-23 15:57:15.861: [INFO][Sync]     Configuration completed, state: 7
2025-01-23 15:57:15.861: [INFO][Sync] Configured DataTypeManager: Ok
2025-01-23 15:57:15.871: [INFO][SyncEngineBackend::DoStartSyncing] Start syncing
2025-01-23 16:02:03.884: [INFO][Sync] Reset engine, reason: 0
2025-01-23 18:10:39.971: [INFO][Sync] SyncState after authenticated was: FeatureCanStart
2025-01-23 18:10:40.540: [INFO][Sync] Try to start sync engine
2025-01-23 18:10:40.542: [INFO][SyncManagerImpl::NudgeForInitialDownload] Initial download nudge for Encryption Keys
2025-01-23 18:10:40.542: [INFO][SyncEngineBackend::LoadAndConnectNigoriController] Load and connect Nigori controller
2025-01-23 18:10:40.542: [INFO][SyncEngineBackend::DoInitialize] Control Types added: Encryption Keys
2025-01-23 18:10:40.542: [INFO][SyncManagerImpl::ConfigureSyncer] Types to download: Encryption Keys with reason: 3
2025-01-23 18:10:40.542: [INFO][SyncSchedulerImpl::DoConfigurationSyncCycleJob] Configure job was blocked
2025-01-23 18:10:40.603: [INFO][SyncAuthManager::SetLastAuthError] Current auth error: None
2025-01-23 18:10:40.603: [INFO][SyncAuthManager::EdgeLogTokenErrorState] Token error with: None for account type: MSA
2025-01-23 18:10:40.603: [INFO][Sync] Credentials changed for: EdgeSyncScopeNew
2025-01-23 18:10:42.796: [INFO][SyncAuthManager::SetLastAuthError] Current auth error: None
2025-01-23 18:10:42.796: [INFO][SyncAuthManager::EdgeLogTokenErrorState] Token error with: None for account type: MSA
2025-01-23 18:10:42.796: [INFO][Sync] Credentials changed for: EdgeSyncKeyDataScope
2025-01-23 18:10:42.796: [INFO][SyncEngineBackend::DoUpdateKeyDataCredentials] Update key data credentials
2025-01-23 18:10:42.796: [INFO][SyncEngineBackend::DoUpdateCredentials] Update credentials
2025-01-23 18:10:42.796: [INFO][SyncSchedulerImpl::DoConfigurationSyncCycleJob] Blocked types:  and types to download: Encryption Keys
2025-01-23 18:10:44.032: [INFO][Sync] Started DataTypeManager configuration, reason: 4
2025-01-23 18:10:44.032: [INFO][Sync] Configuring for: Bookmarks, Preferences, Passwords, Autofill Profiles, Autofill, Extensions, Sessions, Extension settings, History Delete Directives, Device Info, User Consents, Send Tab To Self, Web Apps, History, Collection, Edge E Drop, Edge Hub App Usage, Edge Tab Group, Edge Wallet, Encryption Keys, reason: 4, current state: 0
2025-01-23 18:10:44.047: [INFO][Sync] Configure, desired: Bookmarks, Preferences, Extensions, Sessions, Extension settings, History Delete Directives, Device Info, User Consents, Send Tab To Self, Web Apps, History, Collection, Edge E Drop, Edge Hub App Usage, Edge Tab Group, Edge Wallet, Encryption Keys; Allow fail: Passwords, Autofill Profiles, Autofill
2025-01-23 18:10:44.047: [INFO][Sync] Loading: Bookmarks
2025-01-23 18:10:44.047: [INFO][Sync] Loading: Preferences
2025-01-23 18:10:44.047: [INFO][Sync] Loading: Extensions
2025-01-23 18:10:44.047: [INFO][Sync] Loading: Sessions
2025-01-23 18:10:44.047: [INFO][Sync] Loading: Extension settings
2025-01-23 18:10:44.047: [INFO][Sync] Loading: History Delete Directives
2025-01-23 18:10:44.048: [INFO][Sync] Loading: Device Info
2025-01-23 18:10:44.048: [INFO][Sync] Loading: User Consents
2025-01-23 18:10:44.048: [INFO][Sync] Loading: Send Tab To Self
2025-01-23 18:10:44.048: [INFO][Sync] Loading: Web Apps
2025-01-23 18:10:44.048: [INFO][Sync] Loading: History
2025-01-23 18:10:44.048: [INFO][Sync] Loading: Collection
2025-01-23 18:10:44.048: [INFO][Sync] Loading: Edge E Drop
2025-01-23 18:10:44.048: [INFO][Sync] Loading: Edge Hub App Usage
2025-01-23 18:10:44.048: [INFO][Sync] Loading: Edge Tab Group
2025-01-23 18:10:44.048: [INFO][Sync] Loading: Edge Wallet
2025-01-23 18:10:44.071: [INFO][Sync] All data types are ready for configure.
2025-01-23 18:10:45.046: [INFO][SyncEngineBackend::DoStartConfiguration] Start configuration
2025-01-23 18:10:45.046: [INFO][SyncManagerImpl::ConfigureSyncer] Types to download:  with reason: 4
2025-01-23 18:10:45.046: [INFO][SyncEngineBackend::DoFinishConfigureDataTypes] Failed to download types:  and succeeded types: 
2025-01-23 18:10:45.050: [INFO][Sync] Started DataTypeManager configuration, reason: 5
2025-01-23 18:10:45.050: [INFO][Sync] Configuring for: Bookmarks, Preferences, Passwords, Autofill Profiles, Autofill, Extensions, Sessions, Extension settings, History Delete Directives, Device Info, User Consents, Send Tab To Self, Web Apps, History, Collection, Edge E Drop, Edge Hub App Usage, Edge Tab Group, Edge Wallet, Encryption Keys, reason: 5, current state: 1
2025-01-23 18:10:45.069: [INFO][Sync] ConfigurationDone, failed: , succeeded: , remaining count: 4
2025-01-23 18:10:45.069: [WARN][Sync]     Reconfigure requested while configuration ongoing.
2025-01-23 18:10:45.069: [INFO][Sync] Configuring for: Bookmarks, Preferences, Passwords, Autofill Profiles, Autofill, Extensions, Sessions, Extension settings, History Delete Directives, Device Info, User Consents, Send Tab To Self, Web Apps, History, Collection, Edge E Drop, Edge Hub App Usage, Edge Tab Group, Edge Wallet, Encryption Keys, reason: 5, current state: 2
2025-01-23 18:10:45.069: [INFO][Sync] Configure, desired: Bookmarks, Preferences, Passwords, Autofill Profiles, Autofill, Extensions, Sessions, Extension settings, History Delete Directives, Device Info, User Consents, Send Tab To Self, Web Apps, History, Collection, Edge E Drop, Edge Hub App Usage, Edge Tab Group, Edge Wallet, Encryption Keys; Allow fail: 
2025-01-23 18:10:45.069: [INFO][Sync] Loading: Passwords
2025-01-23 18:10:45.069: [INFO][Sync] Loading: Autofill Profiles
2025-01-23 18:10:45.069: [INFO][Sync] Loading: Autofill
2025-01-23 18:10:45.074: [INFO][Sync] All data types are ready for configure.
2025-01-23 18:10:45.074: [INFO][SyncManagerImpl::NudgeForInitialDownload] Initial download nudge for Passwords
2025-01-23 18:10:45.075: [INFO][SyncManagerImpl::ConfigureSyncer] Types to download:  with reason: 5
2025-01-23 18:10:45.075: [INFO][SyncEngineBackend::DoFinishConfigureDataTypes] Failed to download types:  and succeeded types: 
2025-01-23 18:10:45.075: [INFO][Sync] ConfigurationDone, failed: , succeeded: , remaining count: 4
2025-01-23 18:10:45.075: [INFO][Sync] Prepare to configure types: Passwords, Encryption Keys
2025-01-23 18:10:45.076: [INFO][SyncManagerImpl::ConfigureSyncer] Types to download: Passwords, Encryption Keys with reason: 5
2025-01-23 18:10:45.076: [INFO][SyncSchedulerImpl::DoConfigurationSyncCycleJob] Blocked types:  and types to download: Passwords, Encryption Keys
2025-01-23 18:10:45.479: [INFO][SyncEngineBackend::DoFinishConfigureDataTypes] Failed to download types:  and succeeded types: Passwords, Encryption Keys
2025-01-23 18:10:45.493: [INFO][Sync] ConfigurationDone, failed: , succeeded: Passwords, Encryption Keys, remaining count: 3
2025-01-23 18:10:45.493: [INFO][SyncManagerImpl::ConfigureSyncer] Types to download:  with reason: 5
2025-01-23 18:10:45.493: [INFO][SyncEngineBackend::DoFinishConfigureDataTypes] Failed to download types:  and succeeded types: 
2025-01-23 18:10:45.494: [INFO][Sync] ConfigurationDone, failed: , succeeded: , remaining count: 2
2025-01-23 18:10:45.494: [INFO][SyncManagerImpl::ConfigureSyncer] Types to download:  with reason: 5
2025-01-23 18:10:45.494: [INFO][SyncEngineBackend::DoFinishConfigureDataTypes] Failed to download types:  and succeeded types: 
2025-01-23 18:10:45.497: [INFO][Sync] ConfigurationDone, failed: , succeeded: , remaining count: 1
2025-01-23 18:10:45.510: [INFO][SyncManagerImpl::ConfigureSyncer] Types to download:  with reason: 5
2025-01-23 18:10:45.510: [INFO][SyncEngineBackend::DoFinishConfigureDataTypes] Failed to download types:  and succeeded types: 
2025-01-23 18:10:45.510: [INFO][Sync] ConfigurationDone, failed: , succeeded: , remaining count: 0
2025-01-23 18:10:45.524: [INFO][Sync]     Configuration completed, state: 7
2025-01-23 18:10:45.524: [INFO][Sync] Configured DataTypeManager: Ok
2025-01-23 18:10:45.537: [INFO][SyncEngineBackend::DoStartSyncing] Start syncing
2025-01-23 18:11:20.545: [INFO][Sync] Reset engine, reason: 0
2025-01-23 18:11:20.545: [INFO][Sync] Reset engine with reason: 0
2025-01-23 18:12:48.746: [INFO][Sync] SyncState after authenticated was: FeatureCanStart
2025-01-23 18:12:49.506: [INFO][Sync] Try to start sync engine
2025-01-23 18:12:49.508: [INFO][SyncManagerImpl::NudgeForInitialDownload] Initial download nudge for Encryption Keys
2025-01-23 18:12:49.508: [INFO][SyncEngineBackend::LoadAndConnectNigoriController] Load and connect Nigori controller
2025-01-23 18:12:49.508: [INFO][SyncEngineBackend::DoInitialize] Control Types added: Encryption Keys
2025-01-23 18:12:49.508: [INFO][SyncManagerImpl::ConfigureSyncer] Types to download: Encryption Keys with reason: 3
2025-01-23 18:12:49.508: [INFO][SyncSchedulerImpl::DoConfigurationSyncCycleJob] Configure job was blocked
2025-01-23 18:12:49.565: [INFO][SyncAuthManager::SetLastAuthError] Current auth error: None
2025-01-23 18:12:49.565: [INFO][SyncAuthManager::EdgeLogTokenErrorState] Token error with: None for account type: MSA
2025-01-23 18:12:49.565: [INFO][Sync] Credentials changed for: EdgeSyncScopeNew
2025-01-23 18:12:52.159: [INFO][SyncAuthManager::SetLastAuthError] Current auth error: None
2025-01-23 18:12:52.159: [INFO][SyncAuthManager::EdgeLogTokenErrorState] Token error with: None for account type: MSA
2025-01-23 18:12:52.159: [INFO][Sync] Credentials changed for: EdgeSyncKeyDataScope
2025-01-23 18:12:52.159: [INFO][SyncEngineBackend::DoUpdateKeyDataCredentials] Update key data credentials
2025-01-23 18:12:52.159: [INFO][SyncEngineBackend::DoUpdateCredentials] Update credentials
2025-01-23 18:12:52.159: [INFO][SyncSchedulerImpl::DoConfigurationSyncCycleJob] Blocked types:  and types to download: Encryption Keys
2025-01-23 18:12:53.659: [INFO][Sync] Started DataTypeManager configuration, reason: 4
2025-01-23 18:12:53.659: [INFO][Sync] Configuring for: Bookmarks, Preferences, Passwords, Autofill Profiles, Autofill, Extensions, Sessions, Extension settings, History Delete Directives, Device Info, User Consents, Send Tab To Self, Web Apps, History, Collection, Edge E Drop, Edge Hub App Usage, Edge Tab Group, Edge Wallet, Encryption Keys, reason: 4, current state: 0
2025-01-23 18:12:53.677: [INFO][Sync] Configure, desired: Bookmarks, Preferences, Extensions, Sessions, Extension settings, History Delete Directives, Device Info, User Consents, Send Tab To Self, Web Apps, History, Collection, Edge E Drop, Edge Hub App Usage, Edge Tab Group, Edge Wallet, Encryption Keys; Allow fail: Passwords, Autofill Profiles, Autofill
2025-01-23 18:12:53.677: [INFO][Sync] Loading: Bookmarks
2025-01-23 18:12:53.677: [INFO][Sync] Loading: Preferences
2025-01-23 18:12:53.677: [INFO][Sync] Loading: Extensions
2025-01-23 18:12:53.677: [INFO][Sync] Loading: Sessions
2025-01-23 18:12:53.677: [INFO][Sync] Loading: Extension settings
2025-01-23 18:12:53.677: [INFO][Sync] Loading: History Delete Directives
2025-01-23 18:12:53.677: [INFO][Sync] Loading: Device Info
2025-01-23 18:12:53.677: [INFO][Sync] Loading: User Consents
2025-01-23 18:12:53.677: [INFO][Sync] Loading: Send Tab To Self
2025-01-23 18:12:53.677: [INFO][Sync] Loading: Web Apps
2025-01-23 18:12:53.677: [INFO][Sync] Loading: History
2025-01-23 18:12:53.677: [INFO][Sync] Loading: Collection
2025-01-23 18:12:53.677: [INFO][Sync] Loading: Edge E Drop
2025-01-23 18:12:53.677: [INFO][Sync] Loading: Edge Hub App Usage
2025-01-23 18:12:53.677: [INFO][Sync] Loading: Edge Tab Group
2025-01-23 18:12:53.677: [INFO][Sync] Loading: Edge Wallet
2025-01-23 18:12:53.697: [INFO][Sync] All data types are ready for configure.
2025-01-23 18:12:54.846: [INFO][SyncEngineBackend::DoStartConfiguration] Start configuration
2025-01-23 18:12:54.847: [INFO][SyncManagerImpl::ConfigureSyncer] Types to download:  with reason: 4
2025-01-23 18:12:54.847: [INFO][SyncEngineBackend::DoFinishConfigureDataTypes] Failed to download types:  and succeeded types: 
2025-01-23 18:12:54.848: [INFO][Sync] Started DataTypeManager configuration, reason: 5
2025-01-23 18:12:54.848: [INFO][Sync] Configuring for: Bookmarks, Preferences, Passwords, Autofill Profiles, Autofill, Extensions, Sessions, Extension settings, History Delete Directives, Device Info, User Consents, Send Tab To Self, Web Apps, History, Collection, Edge E Drop, Edge Hub App Usage, Edge Tab Group, Edge Wallet, Encryption Keys, reason: 5, current state: 1
2025-01-23 18:12:54.855: [INFO][Sync] ConfigurationDone, failed: , succeeded: , remaining count: 4
2025-01-23 18:12:54.855: [WARN][Sync]     Reconfigure requested while configuration ongoing.
2025-01-23 18:12:54.855: [INFO][Sync] Configuring for: Bookmarks, Preferences, Passwords, Autofill Profiles, Autofill, Extensions, Sessions, Extension settings, History Delete Directives, Device Info, User Consents, Send Tab To Self, Web Apps, History, Collection, Edge E Drop, Edge Hub App Usage, Edge Tab Group, Edge Wallet, Encryption Keys, reason: 5, current state: 2
2025-01-23 18:12:54.855: [INFO][Sync] Configure, desired: Bookmarks, Preferences, Passwords, Autofill Profiles, Autofill, Extensions, Sessions, Extension settings, History Delete Directives, Device Info, User Consents, Send Tab To Self, Web Apps, History, Collection, Edge E Drop, Edge Hub App Usage, Edge Tab Group, Edge Wallet, Encryption Keys; Allow fail: 
2025-01-23 18:12:54.855: [INFO][Sync] Loading: Passwords
2025-01-23 18:12:54.855: [INFO][Sync] Loading: Autofill Profiles
2025-01-23 18:12:54.855: [INFO][Sync] Loading: Autofill
2025-01-23 18:12:54.856: [INFO][Sync] All data types are ready for configure.
2025-01-23 18:12:54.856: [INFO][SyncManagerImpl::NudgeForInitialDownload] Initial download nudge for Passwords
2025-01-23 18:12:54.856: [INFO][SyncManagerImpl::ConfigureSyncer] Types to download:  with reason: 5
2025-01-23 18:12:54.856: [INFO][SyncEngineBackend::DoFinishConfigureDataTypes] Failed to download types:  and succeeded types: 
2025-01-23 18:12:54.857: [INFO][Sync] ConfigurationDone, failed: , succeeded: , remaining count: 4
2025-01-23 18:12:54.857: [INFO][Sync] Prepare to configure types: Passwords, Encryption Keys
2025-01-23 18:12:54.857: [INFO][SyncManagerImpl::ConfigureSyncer] Types to download: Passwords, Encryption Keys with reason: 5
2025-01-23 18:12:54.857: [INFO][SyncSchedulerImpl::DoConfigurationSyncCycleJob] Blocked types:  and types to download: Passwords, Encryption Keys
2025-01-23 18:12:55.241: [INFO][SyncEngineBackend::DoFinishConfigureDataTypes] Failed to download types:  and succeeded types: Passwords, Encryption Keys
2025-01-23 18:12:55.249: [INFO][Sync] ConfigurationDone, failed: , succeeded: Passwords, Encryption Keys, remaining count: 3
2025-01-23 18:12:55.249: [INFO][SyncManagerImpl::ConfigureSyncer] Types to download:  with reason: 5
2025-01-23 18:12:55.249: [INFO][SyncEngineBackend::DoFinishConfigureDataTypes] Failed to download types:  and succeeded types: 
2025-01-23 18:12:55.249: [INFO][Sync] ConfigurationDone, failed: , succeeded: , remaining count: 2
2025-01-23 18:12:55.249: [INFO][SyncManagerImpl::ConfigureSyncer] Types to download:  with reason: 5
2025-01-23 18:12:55.249: [INFO][SyncEngineBackend::DoFinishConfigureDataTypes] Failed to download types:  and succeeded types: 
2025-01-23 18:12:55.249: [INFO][Sync] ConfigurationDone, failed: , succeeded: , remaining count: 1
2025-01-23 18:12:55.256: [INFO][SyncManagerImpl::ConfigureSyncer] Types to download:  with reason: 5
2025-01-23 18:12:55.256: [INFO][SyncEngineBackend::DoFinishConfigureDataTypes] Failed to download types:  and succeeded types: 
2025-01-23 18:12:55.257: [INFO][Sync] ConfigurationDone, failed: , succeeded: , remaining count: 0
2025-01-23 18:12:55.267: [INFO][Sync]     Configuration completed, state: 7
2025-01-23 18:12:55.268: [INFO][Sync] Configured DataTypeManager: Ok
2025-01-23 18:12:55.275: [INFO][SyncEngineBackend::DoStartSyncing] Start syncing
2025-01-23 18:14:57.997: [INFO][Sync] Reset engine, reason: 0
2025-01-23 18:14:57.997: [INFO][Sync] Reset engine with reason: 0
